INFO - 2023-06-15 12:53:50 --> Session: Class initialized using 'CodeIgniter\Session\Handlers\FileHandler' driver.
INFO - 2023-06-15 12:53:51 --> Session: Class initialized using 'CodeIgniter\Session\Handlers\FileHandler' driver.
INFO - 2023-06-15 12:53:51 --> Session: Class initialized using 'CodeIgniter\Session\Handlers\FileHandler' driver.
INFO - 2023-06-15 12:53:51 --> Session: Class initialized using 'CodeIgniter\Session\Handlers\FileHandler' driver.
INFO - 2023-06-15 12:54:22 --> Session: Class initialized using 'CodeIgniter\Session\Handlers\FileHandler' driver.
INFO - 2023-06-15 12:54:22 --> Session: Class initialized using 'CodeIgniter\Session\Handlers\FileHandler' driver.
INFO - 2023-06-15 13:02:00 --> Session: Class initialized using 'CodeIgniter\Session\Handlers\FileHandler' driver.
INFO - 2023-06-15 13:02:00 --> Session: Class initialized using 'CodeIgniter\Session\Handlers\FileHandler' driver.
INFO - 2023-06-15 13:02:00 --> Session: Class initialized using 'CodeIgniter\Session\Handlers\FileHandler' driver.
ERROR - 2023-06-15 15:05:19 --> Error connecting to the database: mysqli_sql_exception: Access denied for user ''@'localhost' (using password: NO) in C:\xampp\htdocs\TesinaTF\system\Database\MySQLi\Connection.php:174
Stack trace:
#0 C:\xampp\htdocs\TesinaTF\system\Database\MySQLi\Connection.php(174): mysqli->real_connect('localhost', '', '', '', 3306, '', 0)
#1 C:\xampp\htdocs\TesinaTF\system\Database\BaseConnection.php(391): CodeIgniter\Database\MySQLi\Connection->connect(false)
#2 C:\xampp\htdocs\TesinaTF\system\Database\BaseConnection.php(574): CodeIgniter\Database\BaseConnection->initialize()
#3 C:\xampp\htdocs\TesinaTF\system\Database\BaseBuilder.php(1616): CodeIgniter\Database\BaseConnection->query('SELECT *\nFROM `...', Array, false)
#4 C:\xampp\htdocs\TesinaTF\system\Model.php(241): CodeIgniter\Database\BaseBuilder->get()
#5 C:\xampp\htdocs\TesinaTF\system\BaseModel.php(618): CodeIgniter\Model->doFindAll(0, 0)
#6 C:\xampp\htdocs\TesinaTF\app\Controllers\Cart.php(20): CodeIgniter\BaseModel->findAll()
#7 C:\xampp\htdocs\TesinaTF\system\CodeIgniter.php(934): App\Controllers\Cart->index()
#8 C:\xampp\htdocs\TesinaTF\system\CodeIgniter.php(499): CodeIgniter\CodeIgniter->runController(Object(App\Controllers\Cart))
#9 C:\xampp\htdocs\TesinaTF\system\CodeIgniter.php(368): CodeIgniter\CodeIgniter->handleRequest(NULL, Object(Config\Cache), false)
#10 C:\xampp\htdocs\TesinaTF\public\index.php(67): CodeIgniter\CodeIgniter->run()
#11 {main}

Next CodeIgniter\Database\Exceptions\DatabaseException: Access denied for user ''@'localhost' (using password: NO) in C:\xampp\htdocs\TesinaTF\system\Database\MySQLi\Connection.php:218
Stack trace:
#0 C:\xampp\htdocs\TesinaTF\system\Database\BaseConnection.php(391): CodeIgniter\Database\MySQLi\Connection->connect(false)
#1 C:\xampp\htdocs\TesinaTF\system\Database\BaseConnection.php(574): CodeIgniter\Database\BaseConnection->initialize()
#2 C:\xampp\htdocs\TesinaTF\system\Database\BaseBuilder.php(1616): CodeIgniter\Database\BaseConnection->query('SELECT *\nFROM `...', Array, false)
#3 C:\xampp\htdocs\TesinaTF\system\Model.php(241): CodeIgniter\Database\BaseBuilder->get()
#4 C:\xampp\htdocs\TesinaTF\system\BaseModel.php(618): CodeIgniter\Model->doFindAll(0, 0)
#5 C:\xampp\htdocs\TesinaTF\app\Controllers\Cart.php(20): CodeIgniter\BaseModel->findAll()
#6 C:\xampp\htdocs\TesinaTF\system\CodeIgniter.php(934): App\Controllers\Cart->index()
#7 C:\xampp\htdocs\TesinaTF\system\CodeIgniter.php(499): CodeIgniter\CodeIgniter->runController(Object(App\Controllers\Cart))
#8 C:\xampp\htdocs\TesinaTF\system\CodeIgniter.php(368): CodeIgniter\CodeIgniter->handleRequest(NULL, Object(Config\Cache), false)
#9 C:\xampp\htdocs\TesinaTF\public\index.php(67): CodeIgniter\CodeIgniter->run()
#10 {main}
CRITICAL - 2023-06-15 15:05:19 --> Unable to connect to the database.
Main connection [MySQLi]: Access denied for user ''@'localhost' (using password: NO)
in SYSTEMPATH\Database\BaseConnection.php on line 427.
 1 SYSTEMPATH\Database\BaseConnection.php(574): CodeIgniter\Database\BaseConnection->initialize()
 2 SYSTEMPATH\Database\BaseBuilder.php(1616): CodeIgniter\Database\BaseConnection->query('SELECT *
FROM `carts`', [], false)
 3 SYSTEMPATH\Model.php(241): CodeIgniter\Database\BaseBuilder->get()
 4 SYSTEMPATH\BaseModel.php(618): CodeIgniter\Model->doFindAll(0, 0)
 5 APPPATH\Controllers\Cart.php(20): CodeIgniter\BaseModel->findAll()
 6 SYSTEMPATH\CodeIgniter.php(934): App\Controllers\Cart->index()
 7 SYSTEMPATH\CodeIgniter.php(499): CodeIgniter\CodeIgniter->runController(Object(App\Controllers\Cart))
 8 SYSTEMPATH\CodeIgniter.php(368): CodeIgniter\CodeIgniter->handleRequest(null, Object(Config\Cache), false)
 9 FCPATH\index.php(67): CodeIgniter\CodeIgniter->run()
ERROR - 2023-06-15 15:10:32 --> Error connecting to the database: mysqli_sql_exception: Access denied for user ''@'localhost' (using password: NO) in C:\xampp\htdocs\TesinaTF\system\Database\MySQLi\Connection.php:174
Stack trace:
#0 C:\xampp\htdocs\TesinaTF\system\Database\MySQLi\Connection.php(174): mysqli->real_connect('localhost', '', '', '', 3306, '', 0)
#1 C:\xampp\htdocs\TesinaTF\system\Database\BaseConnection.php(391): CodeIgniter\Database\MySQLi\Connection->connect(false)
#2 C:\xampp\htdocs\TesinaTF\system\Database\BaseConnection.php(574): CodeIgniter\Database\BaseConnection->initialize()
#3 C:\xampp\htdocs\TesinaTF\system\Database\BaseBuilder.php(1616): CodeIgniter\Database\BaseConnection->query('SELECT *\nFROM `...', Array, false)
#4 C:\xampp\htdocs\TesinaTF\system\Model.php(241): CodeIgniter\Database\BaseBuilder->get()
#5 C:\xampp\htdocs\TesinaTF\system\BaseModel.php(618): CodeIgniter\Model->doFindAll(0, 0)
#6 C:\xampp\htdocs\TesinaTF\app\Controllers\Cart.php(20): CodeIgniter\BaseModel->findAll()
#7 C:\xampp\htdocs\TesinaTF\system\CodeIgniter.php(934): App\Controllers\Cart->index()
#8 C:\xampp\htdocs\TesinaTF\system\CodeIgniter.php(499): CodeIgniter\CodeIgniter->runController(Object(App\Controllers\Cart))
#9 C:\xampp\htdocs\TesinaTF\system\CodeIgniter.php(368): CodeIgniter\CodeIgniter->handleRequest(NULL, Object(Config\Cache), false)
#10 C:\xampp\htdocs\TesinaTF\public\index.php(67): CodeIgniter\CodeIgniter->run()
#11 {main}

Next CodeIgniter\Database\Exceptions\DatabaseException: Access denied for user ''@'localhost' (using password: NO) in C:\xampp\htdocs\TesinaTF\system\Database\MySQLi\Connection.php:218
Stack trace:
#0 C:\xampp\htdocs\TesinaTF\system\Database\BaseConnection.php(391): CodeIgniter\Database\MySQLi\Connection->connect(false)
#1 C:\xampp\htdocs\TesinaTF\system\Database\BaseConnection.php(574): CodeIgniter\Database\BaseConnection->initialize()
#2 C:\xampp\htdocs\TesinaTF\system\Database\BaseBuilder.php(1616): CodeIgniter\Database\BaseConnection->query('SELECT *\nFROM `...', Array, false)
#3 C:\xampp\htdocs\TesinaTF\system\Model.php(241): CodeIgniter\Database\BaseBuilder->get()
#4 C:\xampp\htdocs\TesinaTF\system\BaseModel.php(618): CodeIgniter\Model->doFindAll(0, 0)
#5 C:\xampp\htdocs\TesinaTF\app\Controllers\Cart.php(20): CodeIgniter\BaseModel->findAll()
#6 C:\xampp\htdocs\TesinaTF\system\CodeIgniter.php(934): App\Controllers\Cart->index()
#7 C:\xampp\htdocs\TesinaTF\system\CodeIgniter.php(499): CodeIgniter\CodeIgniter->runController(Object(App\Controllers\Cart))
#8 C:\xampp\htdocs\TesinaTF\system\CodeIgniter.php(368): CodeIgniter\CodeIgniter->handleRequest(NULL, Object(Config\Cache), false)
#9 C:\xampp\htdocs\TesinaTF\public\index.php(67): CodeIgniter\CodeIgniter->run()
#10 {main}
CRITICAL - 2023-06-15 15:10:32 --> Unable to connect to the database.
Main connection [MySQLi]: Access denied for user ''@'localhost' (using password: NO)
in SYSTEMPATH\Database\BaseConnection.php on line 427.
 1 SYSTEMPATH\Database\BaseConnection.php(574): CodeIgniter\Database\BaseConnection->initialize()
 2 SYSTEMPATH\Database\BaseBuilder.php(1616): CodeIgniter\Database\BaseConnection->query('SELECT *
FROM `carts`', [], false)
 3 SYSTEMPATH\Model.php(241): CodeIgniter\Database\BaseBuilder->get()
 4 SYSTEMPATH\BaseModel.php(618): CodeIgniter\Model->doFindAll(0, 0)
 5 APPPATH\Controllers\Cart.php(20): CodeIgniter\BaseModel->findAll()
 6 SYSTEMPATH\CodeIgniter.php(934): App\Controllers\Cart->index()
 7 SYSTEMPATH\CodeIgniter.php(499): CodeIgniter\CodeIgniter->runController(Object(App\Controllers\Cart))
 8 SYSTEMPATH\CodeIgniter.php(368): CodeIgniter\CodeIgniter->handleRequest(null, Object(Config\Cache), false)
 9 FCPATH\index.php(67): CodeIgniter\CodeIgniter->run()
CRITICAL - 2023-06-15 16:27:04 --> Invalid file: "Inicio.php"
in SYSTEMPATH\Exceptions\FrameworkException.php on line 33.
 1 SYSTEMPATH\View\View.php(201): CodeIgniter\Exceptions\FrameworkException::forInvalidFile('Inicio.php')
 2 SYSTEMPATH\Common.php(1184): CodeIgniter\View\View->render('Inicio', [], true)
 3 APPPATH\Controllers\Home.php(9): view('Inicio')
 4 SYSTEMPATH\CodeIgniter.php(934): App\Controllers\Home->index()
 5 SYSTEMPATH\CodeIgniter.php(499): CodeIgniter\CodeIgniter->runController(Object(App\Controllers\Home))
 6 SYSTEMPATH\CodeIgniter.php(368): CodeIgniter\CodeIgniter->handleRequest(null, Object(Config\Cache), false)
 7 FCPATH\index.php(67): CodeIgniter\CodeIgniter->run()
CRITICAL - 2023-06-15 16:48:10 --> Class "App\Controllers\ProductModel" not found
in APPPATH\Controllers\Home.php on line 9.
 1 SYSTEMPATH\CodeIgniter.php(934): App\Controllers\Home->index()
 2 SYSTEMPATH\CodeIgniter.php(499): CodeIgniter\CodeIgniter->runController(Object(App\Controllers\Home))
 3 SYSTEMPATH\CodeIgniter.php(368): CodeIgniter\CodeIgniter->handleRequest(null, Object(Config\Cache), false)
 4 FCPATH\index.php(67): CodeIgniter\CodeIgniter->run()
CRITICAL - 2023-06-15 16:48:42 --> Class "App\Models\ProductModel" not found
in APPPATH\Controllers\Home.php on line 10.
 1 SYSTEMPATH\CodeIgniter.php(934): App\Controllers\Home->index()
 2 SYSTEMPATH\CodeIgniter.php(499): CodeIgniter\CodeIgniter->runController(Object(App\Controllers\Home))
 3 SYSTEMPATH\CodeIgniter.php(368): CodeIgniter\CodeIgniter->handleRequest(null, Object(Config\Cache), false)
 4 FCPATH\index.php(67): CodeIgniter\CodeIgniter->run()
CRITICAL - 2023-06-15 17:12:23 --> Undefined variable $totalTime
in SYSTEMPATH\Debug\Toolbar\Views\toolbar.tpl.php on line 40.
 1 SYSTEMPATH\Debug\Toolbar\Views\toolbar.tpl.php(40): CodeIgniter\Debug\Exceptions->errorHandler(2, 'Undefined variable $totalTime', 'C:\\xampp\\htdocs\\TesinaTF\\system\\Debug\\Toolbar\\Views\\toolbar.tpl.php', 40)
 2 SYSTEMPATH\Debug\Toolbar.php(511): include('C:\\xampp\\htdocs\\TesinaTF\\system\\Debug\\Toolbar\\Views\\toolbar.tpl.php')
 3 SYSTEMPATH\Debug\Toolbar.php(474): CodeIgniter\Debug\Toolbar->format([...], 'html')
 4 APPPATH\Config\Events.php(46): CodeIgniter\Debug\Toolbar->respond()
 5 SYSTEMPATH\Events\Events.php(149): CodeIgniter\Events\Events::Config\{closure}()
 6 SYSTEMPATH\CodeIgniter.php(350): CodeIgniter\Events\Events::trigger('pre_system')
 7 FCPATH\index.php(67): CodeIgniter\CodeIgniter->run()
CRITICAL - 2023-06-15 17:15:49 --> Class "App\Models\ProductModel" not found
in APPPATH\Controllers\Catalog.php on line 10.
 1 SYSTEMPATH\CodeIgniter.php(934): App\Controllers\Catalog->index()
 2 SYSTEMPATH\CodeIgniter.php(499): CodeIgniter\CodeIgniter->runController(Object(App\Controllers\Catalog))
 3 SYSTEMPATH\CodeIgniter.php(368): CodeIgniter\CodeIgniter->handleRequest(null, Object(Config\Cache), false)
 4 FCPATH\index.php(67): CodeIgniter\CodeIgniter->run()
CRITICAL - 2023-06-15 17:20:55 --> Class "App\Models\ProductModel" not found
in APPPATH\Controllers\Catalog.php on line 10.
 1 SYSTEMPATH\CodeIgniter.php(934): App\Controllers\Catalog->index()
 2 SYSTEMPATH\CodeIgniter.php(499): CodeIgniter\CodeIgniter->runController(Object(App\Controllers\Catalog))
 3 SYSTEMPATH\CodeIgniter.php(368): CodeIgniter\CodeIgniter->handleRequest(null, Object(Config\Cache), false)
 4 FCPATH\index.php(67): CodeIgniter\CodeIgniter->run()
CRITICAL - 2023-06-15 17:23:34 --> Declaration of App\Models\ProductModel::findAll() must be compatible with CodeIgniter\BaseModel::findAll(int $limit = 0, int $offset = 0)
in APPPATH\Models\ProductModel.php on line 14.
 1 [internal function]: CodeIgniter\Debug\Exceptions->shutdownHandler()
CRITICAL - 2023-06-15 17:25:41 --> Declaration of App\Models\ProductModel::findAll() must be compatible with CodeIgniter\BaseModel::findAll(int $limit = 0, int $offset = 0)
in APPPATH\Models\ProductModel.php on line 14.
 1 [internal function]: CodeIgniter\Debug\Exceptions->shutdownHandler()
CRITICAL - 2023-06-15 17:25:46 --> Declaration of App\Models\ProductModel::findAll() must be compatible with CodeIgniter\BaseModel::findAll(int $limit = 0, int $offset = 0)
in APPPATH\Models\ProductModel.php on line 14.
 1 [internal function]: CodeIgniter\Debug\Exceptions->shutdownHandler()
CRITICAL - 2023-06-15 17:26:43 --> Declaration of App\Models\ProductModel::find() must be compatible with CodeIgniter\BaseModel::find($id = null)
in APPPATH\Models\ProductModel.php on line 14.
 1 [internal function]: CodeIgniter\Debug\Exceptions->shutdownHandler()
CRITICAL - 2023-06-15 17:26:44 --> Declaration of App\Models\ProductModel::find() must be compatible with CodeIgniter\BaseModel::find($id = null)
in APPPATH\Models\ProductModel.php on line 14.
 1 [internal function]: CodeIgniter\Debug\Exceptions->shutdownHandler()
CRITICAL - 2023-06-15 17:26:45 --> Declaration of App\Models\ProductModel::find() must be compatible with CodeIgniter\BaseModel::find($id = null)
in APPPATH\Models\ProductModel.php on line 14.
 1 [internal function]: CodeIgniter\Debug\Exceptions->shutdownHandler()
CRITICAL - 2023-06-15 17:26:46 --> Declaration of App\Models\ProductModel::find() must be compatible with CodeIgniter\BaseModel::find($id = null)
in APPPATH\Models\ProductModel.php on line 14.
 1 [internal function]: CodeIgniter\Debug\Exceptions->shutdownHandler()
CRITICAL - 2023-06-15 17:26:46 --> Declaration of App\Models\ProductModel::find() must be compatible with CodeIgniter\BaseModel::find($id = null)
in APPPATH\Models\ProductModel.php on line 14.
 1 [internal function]: CodeIgniter\Debug\Exceptions->shutdownHandler()
CRITICAL - 2023-06-15 17:44:48 --> Cannot access offset of type string on string
in APPPATH\Views\index.php on line 91.
 1 SYSTEMPATH\View\View.php(213): include()
 2 SYSTEMPATH\View\View.php(216): CodeIgniter\View\View->CodeIgniter\View\{closure}()
 3 SYSTEMPATH\Common.php(1184): CodeIgniter\View\View->render('index', [], true)
 4 APPPATH\Controllers\Catalog.php(13): view('index', [...])
 5 SYSTEMPATH\CodeIgniter.php(934): App\Controllers\Catalog->index()
 6 SYSTEMPATH\CodeIgniter.php(499): CodeIgniter\CodeIgniter->runController(Object(App\Controllers\Catalog))
 7 SYSTEMPATH\CodeIgniter.php(368): CodeIgniter\CodeIgniter->handleRequest(null, Object(Config\Cache), false)
 8 FCPATH\index.php(67): CodeIgniter\CodeIgniter->run()
CRITICAL - 2023-06-15 17:45:58 --> Cannot access offset of type string on string
in APPPATH\Views\index.php on line 91.
 1 SYSTEMPATH\View\View.php(213): include()
 2 SYSTEMPATH\View\View.php(216): CodeIgniter\View\View->CodeIgniter\View\{closure}()
 3 SYSTEMPATH\Common.php(1184): CodeIgniter\View\View->render('index', [], true)
 4 APPPATH\Controllers\Catalog.php(13): view('index', [...])
 5 SYSTEMPATH\CodeIgniter.php(934): App\Controllers\Catalog->index()
 6 SYSTEMPATH\CodeIgniter.php(499): CodeIgniter\CodeIgniter->runController(Object(App\Controllers\Catalog))
 7 SYSTEMPATH\CodeIgniter.php(368): CodeIgniter\CodeIgniter->handleRequest(null, Object(Config\Cache), false)
 8 FCPATH\index.php(67): CodeIgniter\CodeIgniter->run()
CRITICAL - 2023-06-15 17:45:59 --> Cannot access offset of type string on string
in APPPATH\Views\index.php on line 91.
 1 SYSTEMPATH\View\View.php(213): include()
 2 SYSTEMPATH\View\View.php(216): CodeIgniter\View\View->CodeIgniter\View\{closure}()
 3 SYSTEMPATH\Common.php(1184): CodeIgniter\View\View->render('index', [], true)
 4 APPPATH\Controllers\Catalog.php(13): view('index', [...])
 5 SYSTEMPATH\CodeIgniter.php(934): App\Controllers\Catalog->index()
 6 SYSTEMPATH\CodeIgniter.php(499): CodeIgniter\CodeIgniter->runController(Object(App\Controllers\Catalog))
 7 SYSTEMPATH\CodeIgniter.php(368): CodeIgniter\CodeIgniter->handleRequest(null, Object(Config\Cache), false)
 8 FCPATH\index.php(67): CodeIgniter\CodeIgniter->run()
CRITICAL - 2023-06-15 17:46:26 --> Cannot access offset of type string on string
in APPPATH\Views\index.php on line 91.
 1 SYSTEMPATH\View\View.php(213): include()
 2 SYSTEMPATH\View\View.php(216): CodeIgniter\View\View->CodeIgniter\View\{closure}()
 3 SYSTEMPATH\Common.php(1184): CodeIgniter\View\View->render('index', [], true)
 4 APPPATH\Controllers\Catalog.php(13): view('index', [...])
 5 SYSTEMPATH\CodeIgniter.php(934): App\Controllers\Catalog->index()
 6 SYSTEMPATH\CodeIgniter.php(499): CodeIgniter\CodeIgniter->runController(Object(App\Controllers\Catalog))
 7 SYSTEMPATH\CodeIgniter.php(368): CodeIgniter\CodeIgniter->handleRequest(null, Object(Config\Cache), false)
 8 FCPATH\index.php(67): CodeIgniter\CodeIgniter->run()
CRITICAL - 2023-06-15 17:46:47 --> Cannot access offset of type string on string
in APPPATH\Views\index.php on line 91.
 1 SYSTEMPATH\View\View.php(213): include()
 2 SYSTEMPATH\View\View.php(216): CodeIgniter\View\View->CodeIgniter\View\{closure}()
 3 SYSTEMPATH\Common.php(1184): CodeIgniter\View\View->render('index', [], true)
 4 APPPATH\Controllers\Catalog.php(13): view('index', [...])
 5 SYSTEMPATH\CodeIgniter.php(934): App\Controllers\Catalog->index()
 6 SYSTEMPATH\CodeIgniter.php(499): CodeIgniter\CodeIgniter->runController(Object(App\Controllers\Catalog))
 7 SYSTEMPATH\CodeIgniter.php(368): CodeIgniter\CodeIgniter->handleRequest(null, Object(Config\Cache), false)
 8 FCPATH\index.php(67): CodeIgniter\CodeIgniter->run()
CRITICAL - 2023-06-15 17:46:49 --> Cannot access offset of type string on string
in APPPATH\Views\index.php on line 91.
 1 SYSTEMPATH\View\View.php(213): include()
 2 SYSTEMPATH\View\View.php(216): CodeIgniter\View\View->CodeIgniter\View\{closure}()
 3 SYSTEMPATH\Common.php(1184): CodeIgniter\View\View->render('index', [], true)
 4 APPPATH\Controllers\Catalog.php(13): view('index', [...])
 5 SYSTEMPATH\CodeIgniter.php(934): App\Controllers\Catalog->index()
 6 SYSTEMPATH\CodeIgniter.php(499): CodeIgniter\CodeIgniter->runController(Object(App\Controllers\Catalog))
 7 SYSTEMPATH\CodeIgniter.php(368): CodeIgniter\CodeIgniter->handleRequest(null, Object(Config\Cache), false)
 8 FCPATH\index.php(67): CodeIgniter\CodeIgniter->run()
CRITICAL - 2023-06-15 17:46:49 --> Cannot access offset of type string on string
in APPPATH\Views\index.php on line 91.
 1 SYSTEMPATH\View\View.php(213): include()
 2 SYSTEMPATH\View\View.php(216): CodeIgniter\View\View->CodeIgniter\View\{closure}()
 3 SYSTEMPATH\Common.php(1184): CodeIgniter\View\View->render('index', [], true)
 4 APPPATH\Controllers\Catalog.php(13): view('index', [...])
 5 SYSTEMPATH\CodeIgniter.php(934): App\Controllers\Catalog->index()
 6 SYSTEMPATH\CodeIgniter.php(499): CodeIgniter\CodeIgniter->runController(Object(App\Controllers\Catalog))
 7 SYSTEMPATH\CodeIgniter.php(368): CodeIgniter\CodeIgniter->handleRequest(null, Object(Config\Cache), false)
 8 FCPATH\index.php(67): CodeIgniter\CodeIgniter->run()
CRITICAL - 2023-06-15 17:46:49 --> Cannot access offset of type string on string
in APPPATH\Views\index.php on line 91.
 1 SYSTEMPATH\View\View.php(213): include()
 2 SYSTEMPATH\View\View.php(216): CodeIgniter\View\View->CodeIgniter\View\{closure}()
 3 SYSTEMPATH\Common.php(1184): CodeIgniter\View\View->render('index', [], true)
 4 APPPATH\Controllers\Catalog.php(13): view('index', [...])
 5 SYSTEMPATH\CodeIgniter.php(934): App\Controllers\Catalog->index()
 6 SYSTEMPATH\CodeIgniter.php(499): CodeIgniter\CodeIgniter->runController(Object(App\Controllers\Catalog))
 7 SYSTEMPATH\CodeIgniter.php(368): CodeIgniter\CodeIgniter->handleRequest(null, Object(Config\Cache), false)
 8 FCPATH\index.php(67): CodeIgniter\CodeIgniter->run()
CRITICAL - 2023-06-15 17:46:50 --> Cannot access offset of type string on string
in APPPATH\Views\index.php on line 91.
 1 SYSTEMPATH\View\View.php(213): include()
 2 SYSTEMPATH\View\View.php(216): CodeIgniter\View\View->CodeIgniter\View\{closure}()
 3 SYSTEMPATH\Common.php(1184): CodeIgniter\View\View->render('index', [], true)
 4 APPPATH\Controllers\Catalog.php(13): view('index', [...])
 5 SYSTEMPATH\CodeIgniter.php(934): App\Controllers\Catalog->index()
 6 SYSTEMPATH\CodeIgniter.php(499): CodeIgniter\CodeIgniter->runController(Object(App\Controllers\Catalog))
 7 SYSTEMPATH\CodeIgniter.php(368): CodeIgniter\CodeIgniter->handleRequest(null, Object(Config\Cache), false)
 8 FCPATH\index.php(67): CodeIgniter\CodeIgniter->run()
CRITICAL - 2023-06-15 17:46:50 --> Cannot access offset of type string on string
in APPPATH\Views\index.php on line 91.
 1 SYSTEMPATH\View\View.php(213): include()
 2 SYSTEMPATH\View\View.php(216): CodeIgniter\View\View->CodeIgniter\View\{closure}()
 3 SYSTEMPATH\Common.php(1184): CodeIgniter\View\View->render('index', [], true)
 4 APPPATH\Controllers\Catalog.php(13): view('index', [...])
 5 SYSTEMPATH\CodeIgniter.php(934): App\Controllers\Catalog->index()
 6 SYSTEMPATH\CodeIgniter.php(499): CodeIgniter\CodeIgniter->runController(Object(App\Controllers\Catalog))
 7 SYSTEMPATH\CodeIgniter.php(368): CodeIgniter\CodeIgniter->handleRequest(null, Object(Config\Cache), false)
 8 FCPATH\index.php(67): CodeIgniter\CodeIgniter->run()
CRITICAL - 2023-06-15 17:46:50 --> Cannot access offset of type string on string
in APPPATH\Views\index.php on line 91.
 1 SYSTEMPATH\View\View.php(213): include()
 2 SYSTEMPATH\View\View.php(216): CodeIgniter\View\View->CodeIgniter\View\{closure}()
 3 SYSTEMPATH\Common.php(1184): CodeIgniter\View\View->render('index', [], true)
 4 APPPATH\Controllers\Catalog.php(13): view('index', [...])
 5 SYSTEMPATH\CodeIgniter.php(934): App\Controllers\Catalog->index()
 6 SYSTEMPATH\CodeIgniter.php(499): CodeIgniter\CodeIgniter->runController(Object(App\Controllers\Catalog))
 7 SYSTEMPATH\CodeIgniter.php(368): CodeIgniter\CodeIgniter->handleRequest(null, Object(Config\Cache), false)
 8 FCPATH\index.php(67): CodeIgniter\CodeIgniter->run()
CRITICAL - 2023-06-15 17:46:50 --> Cannot access offset of type string on string
in APPPATH\Views\index.php on line 91.
 1 SYSTEMPATH\View\View.php(213): include()
 2 SYSTEMPATH\View\View.php(216): CodeIgniter\View\View->CodeIgniter\View\{closure}()
 3 SYSTEMPATH\Common.php(1184): CodeIgniter\View\View->render('index', [], true)
 4 APPPATH\Controllers\Catalog.php(13): view('index', [...])
 5 SYSTEMPATH\CodeIgniter.php(934): App\Controllers\Catalog->index()
 6 SYSTEMPATH\CodeIgniter.php(499): CodeIgniter\CodeIgniter->runController(Object(App\Controllers\Catalog))
 7 SYSTEMPATH\CodeIgniter.php(368): CodeIgniter\CodeIgniter->handleRequest(null, Object(Config\Cache), false)
 8 FCPATH\index.php(67): CodeIgniter\CodeIgniter->run()
CRITICAL - 2023-06-15 17:46:55 --> Cannot access offset of type string on string
in APPPATH\Views\index.php on line 91.
 1 SYSTEMPATH\View\View.php(213): include()
 2 SYSTEMPATH\View\View.php(216): CodeIgniter\View\View->CodeIgniter\View\{closure}()
 3 SYSTEMPATH\Common.php(1184): CodeIgniter\View\View->render('index', [], true)
 4 APPPATH\Controllers\Catalog.php(13): view('index', [...])
 5 SYSTEMPATH\CodeIgniter.php(934): App\Controllers\Catalog->index()
 6 SYSTEMPATH\CodeIgniter.php(499): CodeIgniter\CodeIgniter->runController(Object(App\Controllers\Catalog))
 7 SYSTEMPATH\CodeIgniter.php(368): CodeIgniter\CodeIgniter->handleRequest(null, Object(Config\Cache), false)
 8 FCPATH\index.php(67): CodeIgniter\CodeIgniter->run()
CRITICAL - 2023-06-15 17:46:55 --> Cannot access offset of type string on string
in APPPATH\Views\index.php on line 91.
 1 SYSTEMPATH\View\View.php(213): include()
 2 SYSTEMPATH\View\View.php(216): CodeIgniter\View\View->CodeIgniter\View\{closure}()
 3 SYSTEMPATH\Common.php(1184): CodeIgniter\View\View->render('index', [], true)
 4 APPPATH\Controllers\Catalog.php(13): view('index', [...])
 5 SYSTEMPATH\CodeIgniter.php(934): App\Controllers\Catalog->index()
 6 SYSTEMPATH\CodeIgniter.php(499): CodeIgniter\CodeIgniter->runController(Object(App\Controllers\Catalog))
 7 SYSTEMPATH\CodeIgniter.php(368): CodeIgniter\CodeIgniter->handleRequest(null, Object(Config\Cache), false)
 8 FCPATH\index.php(67): CodeIgniter\CodeIgniter->run()
CRITICAL - 2023-06-15 17:46:56 --> Cannot access offset of type string on string
in APPPATH\Views\index.php on line 91.
 1 SYSTEMPATH\View\View.php(213): include()
 2 SYSTEMPATH\View\View.php(216): CodeIgniter\View\View->CodeIgniter\View\{closure}()
 3 SYSTEMPATH\Common.php(1184): CodeIgniter\View\View->render('index', [], true)
 4 APPPATH\Controllers\Catalog.php(13): view('index', [...])
 5 SYSTEMPATH\CodeIgniter.php(934): App\Controllers\Catalog->index()
 6 SYSTEMPATH\CodeIgniter.php(499): CodeIgniter\CodeIgniter->runController(Object(App\Controllers\Catalog))
 7 SYSTEMPATH\CodeIgniter.php(368): CodeIgniter\CodeIgniter->handleRequest(null, Object(Config\Cache), false)
 8 FCPATH\index.php(67): CodeIgniter\CodeIgniter->run()
CRITICAL - 2023-06-15 17:46:59 --> Cannot access offset of type string on string
in APPPATH\Views\index.php on line 91.
 1 SYSTEMPATH\View\View.php(213): include()
 2 SYSTEMPATH\View\View.php(216): CodeIgniter\View\View->CodeIgniter\View\{closure}()
 3 SYSTEMPATH\Common.php(1184): CodeIgniter\View\View->render('index', [], true)
 4 APPPATH\Controllers\Catalog.php(13): view('index', [...])
 5 SYSTEMPATH\CodeIgniter.php(934): App\Controllers\Catalog->index()
 6 SYSTEMPATH\CodeIgniter.php(499): CodeIgniter\CodeIgniter->runController(Object(App\Controllers\Catalog))
 7 SYSTEMPATH\CodeIgniter.php(368): CodeIgniter\CodeIgniter->handleRequest(null, Object(Config\Cache), false)
 8 FCPATH\index.php(67): CodeIgniter\CodeIgniter->run()
CRITICAL - 2023-06-15 17:46:59 --> Cannot access offset of type string on string
in APPPATH\Views\index.php on line 91.
 1 SYSTEMPATH\View\View.php(213): include()
 2 SYSTEMPATH\View\View.php(216): CodeIgniter\View\View->CodeIgniter\View\{closure}()
 3 SYSTEMPATH\Common.php(1184): CodeIgniter\View\View->render('index', [], true)
 4 APPPATH\Controllers\Catalog.php(13): view('index', [...])
 5 SYSTEMPATH\CodeIgniter.php(934): App\Controllers\Catalog->index()
 6 SYSTEMPATH\CodeIgniter.php(499): CodeIgniter\CodeIgniter->runController(Object(App\Controllers\Catalog))
 7 SYSTEMPATH\CodeIgniter.php(368): CodeIgniter\CodeIgniter->handleRequest(null, Object(Config\Cache), false)
 8 FCPATH\index.php(67): CodeIgniter\CodeIgniter->run()
CRITICAL - 2023-06-15 17:47:02 --> Cannot access offset of type string on string
in APPPATH\Views\index.php on line 91.
 1 SYSTEMPATH\View\View.php(213): include()
 2 SYSTEMPATH\View\View.php(216): CodeIgniter\View\View->CodeIgniter\View\{closure}()
 3 SYSTEMPATH\Common.php(1184): CodeIgniter\View\View->render('index', [], true)
 4 APPPATH\Controllers\Catalog.php(13): view('index', [...])
 5 SYSTEMPATH\CodeIgniter.php(934): App\Controllers\Catalog->index()
 6 SYSTEMPATH\CodeIgniter.php(499): CodeIgniter\CodeIgniter->runController(Object(App\Controllers\Catalog))
 7 SYSTEMPATH\CodeIgniter.php(368): CodeIgniter\CodeIgniter->handleRequest(null, Object(Config\Cache), false)
 8 FCPATH\index.php(67): CodeIgniter\CodeIgniter->run()
CRITICAL - 2023-06-15 17:47:14 --> Unsupported operand types: array + string
in APPPATH\Views\index.php on line 86.
 1 SYSTEMPATH\View\View.php(213): include()
 2 SYSTEMPATH\View\View.php(216): CodeIgniter\View\View->CodeIgniter\View\{closure}()
 3 SYSTEMPATH\Common.php(1184): CodeIgniter\View\View->render('index', [], true)
 4 APPPATH\Controllers\Catalog.php(13): view('index', [...])
 5 SYSTEMPATH\CodeIgniter.php(934): App\Controllers\Catalog->index()
 6 SYSTEMPATH\CodeIgniter.php(499): CodeIgniter\CodeIgniter->runController(Object(App\Controllers\Catalog))
 7 SYSTEMPATH\CodeIgniter.php(368): CodeIgniter\CodeIgniter->handleRequest(null, Object(Config\Cache), false)
 8 FCPATH\index.php(67): CodeIgniter\CodeIgniter->run()
CRITICAL - 2023-06-15 17:47:34 --> Undefined variable $resultado
in APPPATH\Views\index.php on line 86.
 1 APPPATH\Views\index.php(86): CodeIgniter\Debug\Exceptions->errorHandler(2, 'Undefined variable $resultado', 'C:\\xampp\\htdocs\\TesinaTF\\app\\Views\\index.php', 86)
 2 SYSTEMPATH\View\View.php(213): include('C:\\xampp\\htdocs\\TesinaTF\\app\\Views\\index.php')
 3 SYSTEMPATH\View\View.php(216): CodeIgniter\View\View->CodeIgniter\View\{closure}()
 4 SYSTEMPATH\Common.php(1184): CodeIgniter\View\View->render('index', [], true)
 5 APPPATH\Controllers\Catalog.php(13): view('index', [...])
 6 SYSTEMPATH\CodeIgniter.php(934): App\Controllers\Catalog->index()
 7 SYSTEMPATH\CodeIgniter.php(499): CodeIgniter\CodeIgniter->runController(Object(App\Controllers\Catalog))
 8 SYSTEMPATH\CodeIgniter.php(368): CodeIgniter\CodeIgniter->handleRequest(null, Object(Config\Cache), false)
 9 FCPATH\index.php(67): CodeIgniter\CodeIgniter->run()
CRITICAL - 2023-06-15 17:49:02 --> Undefined variable $products
in APPPATH\Views\index.php on line 86.
 1 APPPATH\Views\index.php(86): CodeIgniter\Debug\Exceptions->errorHandler(2, 'Undefined variable $products', 'C:\\xampp\\htdocs\\TesinaTF\\app\\Views\\index.php', 86)
 2 SYSTEMPATH\View\View.php(213): include('C:\\xampp\\htdocs\\TesinaTF\\app\\Views\\index.php')
 3 SYSTEMPATH\View\View.php(216): CodeIgniter\View\View->CodeIgniter\View\{closure}()
 4 SYSTEMPATH\Common.php(1184): CodeIgniter\View\View->render('index', [], true)
 5 APPPATH\Controllers\Catalog.php(13): view('index', [...])
 6 SYSTEMPATH\CodeIgniter.php(934): App\Controllers\Catalog->index()
 7 SYSTEMPATH\CodeIgniter.php(499): CodeIgniter\CodeIgniter->runController(Object(App\Controllers\Catalog))
 8 SYSTEMPATH\CodeIgniter.php(368): CodeIgniter\CodeIgniter->handleRequest(null, Object(Config\Cache), false)
 9 FCPATH\index.php(67): CodeIgniter\CodeIgniter->run()
CRITICAL - 2023-06-15 17:52:24 --> Cannot access offset of type string on string
in APPPATH\Views\index.php on line 89.
 1 SYSTEMPATH\View\View.php(213): include()
 2 SYSTEMPATH\View\View.php(216): CodeIgniter\View\View->CodeIgniter\View\{closure}()
 3 SYSTEMPATH\Common.php(1184): CodeIgniter\View\View->render('index', [], true)
 4 APPPATH\Controllers\Catalog.php(14): view('index', [...])
 5 SYSTEMPATH\CodeIgniter.php(934): App\Controllers\Catalog->index()
 6 SYSTEMPATH\CodeIgniter.php(499): CodeIgniter\CodeIgniter->runController(Object(App\Controllers\Catalog))
 7 SYSTEMPATH\CodeIgniter.php(368): CodeIgniter\CodeIgniter->handleRequest(null, Object(Config\Cache), false)
 8 FCPATH\index.php(67): CodeIgniter\CodeIgniter->run()
CRITICAL - 2023-06-15 17:53:30 --> syntax error, unexpected token "}"
in APPPATH\Views\index.php on line 90.
 1 SYSTEMPATH\View\View.php(216): CodeIgniter\View\View->CodeIgniter\View\{closure}()
 2 SYSTEMPATH\Common.php(1184): CodeIgniter\View\View->render('index', [], true)
 3 APPPATH\Controllers\Catalog.php(14): view('index', [...])
 4 SYSTEMPATH\CodeIgniter.php(934): App\Controllers\Catalog->index()
 5 SYSTEMPATH\CodeIgniter.php(499): CodeIgniter\CodeIgniter->runController(Object(App\Controllers\Catalog))
 6 SYSTEMPATH\CodeIgniter.php(368): CodeIgniter\CodeIgniter->handleRequest(null, Object(Config\Cache), false)
 7 FCPATH\index.php(67): CodeIgniter\CodeIgniter->run()
CRITICAL - 2023-06-15 17:59:18 --> syntax error, unexpected token ";", expecting "function" or "const"
in APPPATH\Models\ProductModel.php on line 18.
 1 SYSTEMPATH\Autoloader\Autoloader.php(289): CodeIgniter\Autoloader\Autoloader->includeFile('C:\\xampp\\htdocs\\TesinaTF\\app\\Models\\ProductModel.php')
 2 SYSTEMPATH\Autoloader\Autoloader.php(267): CodeIgniter\Autoloader\Autoloader->loadInNamespace('App\\Models\\ProductModel')
 3 APPPATH\Controllers\Catalog.php(10): CodeIgniter\Autoloader\Autoloader->loadClass('App\\Models\\ProductModel')
 4 SYSTEMPATH\CodeIgniter.php(934): App\Controllers\Catalog->index()
 5 SYSTEMPATH\CodeIgniter.php(499): CodeIgniter\CodeIgniter->runController(Object(App\Controllers\Catalog))
 6 SYSTEMPATH\CodeIgniter.php(368): CodeIgniter\CodeIgniter->handleRequest(null, Object(Config\Cache), false)
 7 FCPATH\index.php(67): CodeIgniter\CodeIgniter->run()
CRITICAL - 2023-06-15 17:59:53 --> Call to undefined method CodeIgniter\Database\MySQLi\Result::resultArray()
in APPPATH\Models\ProductModel.php on line 12.
 1 APPPATH\Controllers\Catalog.php(11): App\Models\ProductModel->recibir_productos()
 2 SYSTEMPATH\CodeIgniter.php(934): App\Controllers\Catalog->index()
 3 SYSTEMPATH\CodeIgniter.php(499): CodeIgniter\CodeIgniter->runController(Object(App\Controllers\Catalog))
 4 SYSTEMPATH\CodeIgniter.php(368): CodeIgniter\CodeIgniter->handleRequest(null, Object(Config\Cache), false)
 5 FCPATH\index.php(67): CodeIgniter\CodeIgniter->run()
