CRITICAL - 2023-07-28 11:04:47 --> Cannot call constructor
in APPPATH\Controllers\Home.php on line 12.
 1 SYSTEMPATH\CodeIgniter.php(906): App\Controllers\Home->__construct()
 2 SYSTEMPATH\CodeIgniter.php(490): CodeIgniter\CodeIgniter->createController()
 3 SYSTEMPATH\CodeIgniter.php(368): CodeIgniter\CodeIgniter->handleRequest(null, Object(Config\Cache), false)
 4 FCPATH\index.php(67): CodeIgniter\CodeIgniter->run()
CRITICAL - 2023-07-28 11:43:20 --> Class "IonAuth\Libraries\IonAuth" not found
in APPPATH\Controllers\Auth.php on line 64.
 1 SYSTEMPATH\CodeIgniter.php(906): App\Controllers\Auth->__construct()
 2 SYSTEMPATH\CodeIgniter.php(490): CodeIgniter\CodeIgniter->createController()
 3 SYSTEMPATH\CodeIgniter.php(368): CodeIgniter\CodeIgniter->handleRequest(null, Object(Config\Cache), false)
 4 FCPATH\index.php(67): CodeIgniter\CodeIgniter->run()
CRITICAL - 2023-07-28 11:44:49 --> Class "IonAuth\Libraries\IonAuth" not found
in APPPATH\Controllers\Auth.php on line 66.
 1 SYSTEMPATH\CodeIgniter.php(906): App\Controllers\Auth->__construct()
 2 SYSTEMPATH\CodeIgniter.php(490): CodeIgniter\CodeIgniter->createController()
 3 SYSTEMPATH\CodeIgniter.php(368): CodeIgniter\CodeIgniter->handleRequest(null, Object(Config\Cache), false)
 4 FCPATH\index.php(67): CodeIgniter\CodeIgniter->run()
CRITICAL - 2023-07-28 11:44:50 --> Class "IonAuth\Libraries\IonAuth" not found
in APPPATH\Controllers\Auth.php on line 66.
 1 SYSTEMPATH\CodeIgniter.php(906): App\Controllers\Auth->__construct()
 2 SYSTEMPATH\CodeIgniter.php(490): CodeIgniter\CodeIgniter->createController()
 3 SYSTEMPATH\CodeIgniter.php(368): CodeIgniter\CodeIgniter->handleRequest(null, Object(Config\Cache), false)
 4 FCPATH\index.php(67): CodeIgniter\CodeIgniter->run()
CRITICAL - 2023-07-28 11:44:50 --> Class "IonAuth\Libraries\IonAuth" not found
in APPPATH\Controllers\Auth.php on line 66.
 1 SYSTEMPATH\CodeIgniter.php(906): App\Controllers\Auth->__construct()
 2 SYSTEMPATH\CodeIgniter.php(490): CodeIgniter\CodeIgniter->createController()
 3 SYSTEMPATH\CodeIgniter.php(368): CodeIgniter\CodeIgniter->handleRequest(null, Object(Config\Cache), false)
 4 FCPATH\index.php(67): CodeIgniter\CodeIgniter->run()
CRITICAL - 2023-07-28 11:44:51 --> Class "IonAuth\Libraries\IonAuth" not found
in APPPATH\Controllers\Auth.php on line 66.
 1 SYSTEMPATH\CodeIgniter.php(906): App\Controllers\Auth->__construct()
 2 SYSTEMPATH\CodeIgniter.php(490): CodeIgniter\CodeIgniter->createController()
 3 SYSTEMPATH\CodeIgniter.php(368): CodeIgniter\CodeIgniter->handleRequest(null, Object(Config\Cache), false)
 4 FCPATH\index.php(67): CodeIgniter\CodeIgniter->run()
CRITICAL - 2023-07-28 11:44:51 --> Class "IonAuth\Libraries\IonAuth" not found
in APPPATH\Controllers\Auth.php on line 66.
 1 SYSTEMPATH\CodeIgniter.php(906): App\Controllers\Auth->__construct()
 2 SYSTEMPATH\CodeIgniter.php(490): CodeIgniter\CodeIgniter->createController()
 3 SYSTEMPATH\CodeIgniter.php(368): CodeIgniter\CodeIgniter->handleRequest(null, Object(Config\Cache), false)
 4 FCPATH\index.php(67): CodeIgniter\CodeIgniter->run()
CRITICAL - 2023-07-28 11:44:51 --> Class "IonAuth\Libraries\IonAuth" not found
in APPPATH\Controllers\Auth.php on line 66.
 1 SYSTEMPATH\CodeIgniter.php(906): App\Controllers\Auth->__construct()
 2 SYSTEMPATH\CodeIgniter.php(490): CodeIgniter\CodeIgniter->createController()
 3 SYSTEMPATH\CodeIgniter.php(368): CodeIgniter\CodeIgniter->handleRequest(null, Object(Config\Cache), false)
 4 FCPATH\index.php(67): CodeIgniter\CodeIgniter->run()
CRITICAL - 2023-07-28 11:44:51 --> Class "IonAuth\Libraries\IonAuth" not found
in APPPATH\Controllers\Auth.php on line 66.
 1 SYSTEMPATH\CodeIgniter.php(906): App\Controllers\Auth->__construct()
 2 SYSTEMPATH\CodeIgniter.php(490): CodeIgniter\CodeIgniter->createController()
 3 SYSTEMPATH\CodeIgniter.php(368): CodeIgniter\CodeIgniter->handleRequest(null, Object(Config\Cache), false)
 4 FCPATH\index.php(67): CodeIgniter\CodeIgniter->run()
CRITICAL - 2023-07-28 11:45:37 --> Class "IonAuth\Libraries\IonAuth" not found
in APPPATH\Controllers\Auth.php on line 66.
 1 SYSTEMPATH\CodeIgniter.php(906): App\Controllers\Auth->__construct()
 2 SYSTEMPATH\CodeIgniter.php(490): CodeIgniter\CodeIgniter->createController()
 3 SYSTEMPATH\CodeIgniter.php(368): CodeIgniter\CodeIgniter->handleRequest(null, Object(Config\Cache), false)
 4 FCPATH\index.php(67): CodeIgniter\CodeIgniter->run()
CRITICAL - 2023-07-28 11:45:41 --> Class "IonAuth\Libraries\IonAuth" not found
in APPPATH\Controllers\Auth.php on line 66.
 1 SYSTEMPATH\CodeIgniter.php(906): App\Controllers\Auth->__construct()
 2 SYSTEMPATH\CodeIgniter.php(490): CodeIgniter\CodeIgniter->createController()
 3 SYSTEMPATH\CodeIgniter.php(368): CodeIgniter\CodeIgniter->handleRequest(null, Object(Config\Cache), false)
 4 FCPATH\index.php(67): CodeIgniter\CodeIgniter->run()
CRITICAL - 2023-07-28 11:45:41 --> Class "IonAuth\Libraries\IonAuth" not found
in APPPATH\Controllers\Auth.php on line 66.
 1 SYSTEMPATH\CodeIgniter.php(906): App\Controllers\Auth->__construct()
 2 SYSTEMPATH\CodeIgniter.php(490): CodeIgniter\CodeIgniter->createController()
 3 SYSTEMPATH\CodeIgniter.php(368): CodeIgniter\CodeIgniter->handleRequest(null, Object(Config\Cache), false)
 4 FCPATH\index.php(67): CodeIgniter\CodeIgniter->run()
CRITICAL - 2023-07-28 11:45:41 --> Class "IonAuth\Libraries\IonAuth" not found
in APPPATH\Controllers\Auth.php on line 66.
 1 SYSTEMPATH\CodeIgniter.php(906): App\Controllers\Auth->__construct()
 2 SYSTEMPATH\CodeIgniter.php(490): CodeIgniter\CodeIgniter->createController()
 3 SYSTEMPATH\CodeIgniter.php(368): CodeIgniter\CodeIgniter->handleRequest(null, Object(Config\Cache), false)
 4 FCPATH\index.php(67): CodeIgniter\CodeIgniter->run()
CRITICAL - 2023-07-28 11:45:42 --> Class "IonAuth\Libraries\IonAuth" not found
in APPPATH\Controllers\Auth.php on line 66.
 1 SYSTEMPATH\CodeIgniter.php(906): App\Controllers\Auth->__construct()
 2 SYSTEMPATH\CodeIgniter.php(490): CodeIgniter\CodeIgniter->createController()
 3 SYSTEMPATH\CodeIgniter.php(368): CodeIgniter\CodeIgniter->handleRequest(null, Object(Config\Cache), false)
 4 FCPATH\index.php(67): CodeIgniter\CodeIgniter->run()
CRITICAL - 2023-07-28 11:45:42 --> Class "IonAuth\Libraries\IonAuth" not found
in APPPATH\Controllers\Auth.php on line 66.
 1 SYSTEMPATH\CodeIgniter.php(906): App\Controllers\Auth->__construct()
 2 SYSTEMPATH\CodeIgniter.php(490): CodeIgniter\CodeIgniter->createController()
 3 SYSTEMPATH\CodeIgniter.php(368): CodeIgniter\CodeIgniter->handleRequest(null, Object(Config\Cache), false)
 4 FCPATH\index.php(67): CodeIgniter\CodeIgniter->run()
CRITICAL - 2023-07-28 11:45:52 --> Class "IonAuth\Libraries\IonAuth" not found
in APPPATH\Controllers\Auth.php on line 66.
 1 SYSTEMPATH\CodeIgniter.php(906): App\Controllers\Auth->__construct()
 2 SYSTEMPATH\CodeIgniter.php(490): CodeIgniter\CodeIgniter->createController()
 3 SYSTEMPATH\CodeIgniter.php(368): CodeIgniter\CodeIgniter->handleRequest(null, Object(Config\Cache), false)
 4 FCPATH\index.php(67): CodeIgniter\CodeIgniter->run()
CRITICAL - 2023-07-28 11:46:34 --> Class "IonAuth\Libraries\IonAuth" not found
in APPPATH\Controllers\Auth.php on line 66.
 1 SYSTEMPATH\CodeIgniter.php(906): App\Controllers\Auth->__construct()
 2 SYSTEMPATH\CodeIgniter.php(490): CodeIgniter\CodeIgniter->createController()
 3 SYSTEMPATH\CodeIgniter.php(368): CodeIgniter\CodeIgniter->handleRequest(null, Object(Config\Cache), false)
 4 FCPATH\index.php(67): CodeIgniter\CodeIgniter->run()
INFO - 2023-07-28 11:47:36 --> Session: Class initialized using 'CodeIgniter\Session\Handlers\FileHandler' driver.
CRITICAL - 2023-07-28 11:47:36 --> Class "IonAuth\Models\IonAuthModel" not found
in APPPATH\Libraries\IonAuth.php on line 67.
 1 APPPATH\Controllers\Auth.php(52): App\Libraries\IonAuth->__construct()
 2 SYSTEMPATH\CodeIgniter.php(906): App\Controllers\Auth->__construct()
 3 SYSTEMPATH\CodeIgniter.php(490): CodeIgniter\CodeIgniter->createController()
 4 SYSTEMPATH\CodeIgniter.php(368): CodeIgniter\CodeIgniter->handleRequest(null, Object(Config\Cache), false)
 5 FCPATH\index.php(67): CodeIgniter\CodeIgniter->run()
INFO - 2023-07-28 11:47:37 --> Session: Class initialized using 'CodeIgniter\Session\Handlers\FileHandler' driver.
CRITICAL - 2023-07-28 11:47:37 --> Class "IonAuth\Models\IonAuthModel" not found
in APPPATH\Libraries\IonAuth.php on line 67.
 1 APPPATH\Controllers\Auth.php(52): App\Libraries\IonAuth->__construct()
 2 SYSTEMPATH\CodeIgniter.php(906): App\Controllers\Auth->__construct()
 3 SYSTEMPATH\CodeIgniter.php(490): CodeIgniter\CodeIgniter->createController()
 4 SYSTEMPATH\CodeIgniter.php(368): CodeIgniter\CodeIgniter->handleRequest(null, Object(Config\Cache), false)
 5 FCPATH\index.php(67): CodeIgniter\CodeIgniter->run()
INFO - 2023-07-28 11:47:37 --> Session: Class initialized using 'CodeIgniter\Session\Handlers\FileHandler' driver.
CRITICAL - 2023-07-28 11:47:37 --> Class "IonAuth\Models\IonAuthModel" not found
in APPPATH\Libraries\IonAuth.php on line 67.
 1 APPPATH\Controllers\Auth.php(52): App\Libraries\IonAuth->__construct()
 2 SYSTEMPATH\CodeIgniter.php(906): App\Controllers\Auth->__construct()
 3 SYSTEMPATH\CodeIgniter.php(490): CodeIgniter\CodeIgniter->createController()
 4 SYSTEMPATH\CodeIgniter.php(368): CodeIgniter\CodeIgniter->handleRequest(null, Object(Config\Cache), false)
 5 FCPATH\index.php(67): CodeIgniter\CodeIgniter->run()
INFO - 2023-07-28 11:47:37 --> Session: Class initialized using 'CodeIgniter\Session\Handlers\FileHandler' driver.
CRITICAL - 2023-07-28 11:47:37 --> Class "IonAuth\Models\IonAuthModel" not found
in APPPATH\Libraries\IonAuth.php on line 67.
 1 APPPATH\Controllers\Auth.php(52): App\Libraries\IonAuth->__construct()
 2 SYSTEMPATH\CodeIgniter.php(906): App\Controllers\Auth->__construct()
 3 SYSTEMPATH\CodeIgniter.php(490): CodeIgniter\CodeIgniter->createController()
 4 SYSTEMPATH\CodeIgniter.php(368): CodeIgniter\CodeIgniter->handleRequest(null, Object(Config\Cache), false)
 5 FCPATH\index.php(67): CodeIgniter\CodeIgniter->run()
INFO - 2023-07-28 11:47:38 --> Session: Class initialized using 'CodeIgniter\Session\Handlers\FileHandler' driver.
CRITICAL - 2023-07-28 11:47:38 --> Class "IonAuth\Models\IonAuthModel" not found
in APPPATH\Libraries\IonAuth.php on line 67.
 1 APPPATH\Controllers\Auth.php(52): App\Libraries\IonAuth->__construct()
 2 SYSTEMPATH\CodeIgniter.php(906): App\Controllers\Auth->__construct()
 3 SYSTEMPATH\CodeIgniter.php(490): CodeIgniter\CodeIgniter->createController()
 4 SYSTEMPATH\CodeIgniter.php(368): CodeIgniter\CodeIgniter->handleRequest(null, Object(Config\Cache), false)
 5 FCPATH\index.php(67): CodeIgniter\CodeIgniter->run()
INFO - 2023-07-28 11:47:38 --> Session: Class initialized using 'CodeIgniter\Session\Handlers\FileHandler' driver.
CRITICAL - 2023-07-28 11:47:38 --> Class "IonAuth\Models\IonAuthModel" not found
in APPPATH\Libraries\IonAuth.php on line 67.
 1 APPPATH\Controllers\Auth.php(52): App\Libraries\IonAuth->__construct()
 2 SYSTEMPATH\CodeIgniter.php(906): App\Controllers\Auth->__construct()
 3 SYSTEMPATH\CodeIgniter.php(490): CodeIgniter\CodeIgniter->createController()
 4 SYSTEMPATH\CodeIgniter.php(368): CodeIgniter\CodeIgniter->handleRequest(null, Object(Config\Cache), false)
 5 FCPATH\index.php(67): CodeIgniter\CodeIgniter->run()
INFO - 2023-07-28 11:47:38 --> Session: Class initialized using 'CodeIgniter\Session\Handlers\FileHandler' driver.
CRITICAL - 2023-07-28 11:47:38 --> Class "IonAuth\Models\IonAuthModel" not found
in APPPATH\Libraries\IonAuth.php on line 67.
 1 APPPATH\Controllers\Auth.php(52): App\Libraries\IonAuth->__construct()
 2 SYSTEMPATH\CodeIgniter.php(906): App\Controllers\Auth->__construct()
 3 SYSTEMPATH\CodeIgniter.php(490): CodeIgniter\CodeIgniter->createController()
 4 SYSTEMPATH\CodeIgniter.php(368): CodeIgniter\CodeIgniter->handleRequest(null, Object(Config\Cache), false)
 5 FCPATH\index.php(67): CodeIgniter\CodeIgniter->run()
INFO - 2023-07-28 11:49:19 --> Session: Class initialized using 'CodeIgniter\Session\Handlers\FileHandler' driver.
CRITICAL - 2023-07-28 11:49:19 --> Invalid file: "IonAuth\Views\auth\login.php"
in SYSTEMPATH\Exceptions\FrameworkException.php on line 33.
 1 SYSTEMPATH\View\View.php(201): CodeIgniter\Exceptions\FrameworkException::forInvalidFile('IonAuth\\Views\\auth\\login.php')
 2 SYSTEMPATH\Common.php(1184): CodeIgniter\View\View->render('IonAuth\\Views\\auth\\login', [], true)
 3 APPPATH\Controllers\Auth.php(803): view('IonAuth\\Views\\auth\\login', [...])
 4 APPPATH\Controllers\Auth.php(135): App\Controllers\Auth->renderPage('IonAuth\\Views\\auth\\login', [...])
 5 SYSTEMPATH\CodeIgniter.php(934): App\Controllers\Auth->login()
 6 SYSTEMPATH\CodeIgniter.php(499): CodeIgniter\CodeIgniter->runController(Object(App\Controllers\Auth))
 7 SYSTEMPATH\CodeIgniter.php(368): CodeIgniter\CodeIgniter->handleRequest(null, Object(Config\Cache), false)
 8 FCPATH\index.php(67): CodeIgniter\CodeIgniter->run()
INFO - 2023-07-28 11:49:50 --> Session: Class initialized using 'CodeIgniter\Session\Handlers\FileHandler' driver.
INFO - 2023-07-28 11:50:48 --> Session: Class initialized using 'CodeIgniter\Session\Handlers\FileHandler' driver.
INFO - 2023-07-28 11:51:50 --> Session: Class initialized using 'CodeIgniter\Session\Handlers\FileHandler' driver.
INFO - 2023-07-28 11:52:16 --> Session: Class initialized using 'CodeIgniter\Session\Handlers\FileHandler' driver.
INFO - 2023-07-28 11:55:42 --> Session: Class initialized using 'CodeIgniter\Session\Handlers\FileHandler' driver.
INFO - 2023-07-28 11:55:42 --> Session: Class initialized using 'CodeIgniter\Session\Handlers\FileHandler' driver.
INFO - 2023-07-28 11:55:48 --> Session: Class initialized using 'CodeIgniter\Session\Handlers\FileHandler' driver.
INFO - 2023-07-28 11:55:52 --> Session: Class initialized using 'CodeIgniter\Session\Handlers\FileHandler' driver.
INFO - 2023-07-28 11:56:03 --> Session: Class initialized using 'CodeIgniter\Session\Handlers\FileHandler' driver.
INFO - 2023-07-28 11:56:03 --> Session: Class initialized using 'CodeIgniter\Session\Handlers\FileHandler' driver.
INFO - 2023-07-28 11:56:03 --> Session: Class initialized using 'CodeIgniter\Session\Handlers\FileHandler' driver.
INFO - 2023-07-28 11:56:21 --> Session: Class initialized using 'CodeIgniter\Session\Handlers\FileHandler' driver.
ERROR - 2023-07-28 11:56:22 --> mysqli_sql_exception: Table 'gizismart.users' doesn't exist in C:\xampp\htdocs\TesinaTF\system\Database\MySQLi\Connection.php:295
Stack trace:
#0 C:\xampp\htdocs\TesinaTF\system\Database\MySQLi\Connection.php(295): mysqli->query('SELECT `email`,...', 0)
#1 C:\xampp\htdocs\TesinaTF\system\Database\BaseConnection.php(692): CodeIgniter\Database\MySQLi\Connection->execute('SELECT `email`,...')
#2 C:\xampp\htdocs\TesinaTF\system\Database\BaseConnection.php(606): CodeIgniter\Database\BaseConnection->simpleQuery('SELECT `email`,...')
#3 C:\xampp\htdocs\TesinaTF\system\Database\BaseBuilder.php(1616): CodeIgniter\Database\BaseConnection->query('SELECT `email`,...', Array, false)
#4 C:\xampp\htdocs\TesinaTF\app\Models\IonAuthModel.php(849): CodeIgniter\Database\BaseBuilder->get()
#5 [internal function]: App\Models\IonAuthModel->login('admin', 'password', false)
#6 C:\xampp\htdocs\TesinaTF\app\Libraries\IonAuth.php(100): call_user_func_array(Array, Array)
#7 C:\xampp\htdocs\TesinaTF\app\Controllers\Auth.php(105): App\Libraries\IonAuth->__call('login', Array)
#8 C:\xampp\htdocs\TesinaTF\system\CodeIgniter.php(934): App\Controllers\Auth->login()
#9 C:\xampp\htdocs\TesinaTF\system\CodeIgniter.php(499): CodeIgniter\CodeIgniter->runController(Object(App\Controllers\Auth))
#10 C:\xampp\htdocs\TesinaTF\system\CodeIgniter.php(368): CodeIgniter\CodeIgniter->handleRequest(NULL, Object(Config\Cache), false)
#11 C:\xampp\htdocs\TesinaTF\public\index.php(67): CodeIgniter\CodeIgniter->run()
#12 {main}
CRITICAL - 2023-07-28 11:56:22 --> Table 'gizismart.users' doesn't exist
in SYSTEMPATH\Database\MySQLi\Connection.php on line 295.
 1 SYSTEMPATH\Database\MySQLi\Connection.php(295): mysqli->query('SELECT `email`, `email`, `id`, `password`, `active`, `last_login`
FROM `users`
WHERE `email` = \'admin\'
ORDER BY `id` DESC
 LIMIT 1', 0)
 2 SYSTEMPATH\Database\BaseConnection.php(692): CodeIgniter\Database\MySQLi\Connection->execute('SELECT `email`, `email`, `id`, `password`, `active`, `last_login`
FROM `users`
WHERE `email` = \'admin\'
ORDER BY `id` DESC
 LIMIT 1')
 3 SYSTEMPATH\Database\BaseConnection.php(606): CodeIgniter\Database\BaseConnection->simpleQuery('SELECT `email`, `email`, `id`, `password`, `active`, `last_login`
FROM `users`
WHERE `email` = \'admin\'
ORDER BY `id` DESC
 LIMIT 1')
 4 SYSTEMPATH\Database\BaseBuilder.php(1616): CodeIgniter\Database\BaseConnection->query('SELECT `email`, `email`, `id`, `password`, `active`, `last_login`
FROM `users`
WHERE `email` = :email:
ORDER BY `id` DESC
 LIMIT 1', [...], false)
 5 APPPATH\Models\IonAuthModel.php(849): CodeIgniter\Database\BaseBuilder->get()
 6 [internal function]: App\Models\IonAuthModel->login('admin', 'password', false)
 7 APPPATH\Libraries\IonAuth.php(100): call_user_func_array([...], [...])
 8 APPPATH\Controllers\Auth.php(105): App\Libraries\IonAuth->__call('login', [...])
 9 SYSTEMPATH\CodeIgniter.php(934): App\Controllers\Auth->login()
10 SYSTEMPATH\CodeIgniter.php(499): CodeIgniter\CodeIgniter->runController(Object(App\Controllers\Auth))
11 SYSTEMPATH\CodeIgniter.php(368): CodeIgniter\CodeIgniter->handleRequest(null, Object(Config\Cache), false)
12 FCPATH\index.php(67): CodeIgniter\CodeIgniter->run()
INFO - 2023-07-28 12:06:22 --> Session: Class initialized using 'CodeIgniter\Session\Handlers\FileHandler' driver.
INFO - 2023-07-28 12:06:30 --> Session: Class initialized using 'CodeIgniter\Session\Handlers\FileHandler' driver.
INFO - 2023-07-28 12:06:30 --> Session: Class initialized using 'CodeIgniter\Session\Handlers\FileHandler' driver.
INFO - 2023-07-28 12:06:45 --> Session: Class initialized using 'CodeIgniter\Session\Handlers\FileHandler' driver.
CRITICAL - 2023-07-28 12:06:45 --> Invalid file: "IonAuth\Views\Messages\list.php"
in SYSTEMPATH\Exceptions\FrameworkException.php on line 33.
 1 SYSTEMPATH\View\View.php(201): CodeIgniter\Exceptions\FrameworkException::forInvalidFile('IonAuth\\Views\\Messages\\list.php')
 2 SYSTEMPATH\Common.php(1184): CodeIgniter\View\View->render('IonAuth\\Views\\Messages\\list', [], true)
 3 APPPATH\Models\IonAuthModel.php(2243): view('IonAuth\\Views\\Messages\\list', [...])
 4 [internal function]: App\Models\IonAuthModel->messages()
 5 APPPATH\Libraries\IonAuth.php(100): call_user_func_array([...], [])
 6 APPPATH\Controllers\Auth.php(108): App\Libraries\IonAuth->__call('messages', [])
 7 SYSTEMPATH\CodeIgniter.php(934): App\Controllers\Auth->login()
 8 SYSTEMPATH\CodeIgniter.php(499): CodeIgniter\CodeIgniter->runController(Object(App\Controllers\Auth))
 9 SYSTEMPATH\CodeIgniter.php(368): CodeIgniter\CodeIgniter->handleRequest(null, Object(Config\Cache), false)
10 FCPATH\index.php(67): CodeIgniter\CodeIgniter->run()
INFO - 2023-07-28 12:08:17 --> Session: Class initialized using 'CodeIgniter\Session\Handlers\FileHandler' driver.
CRITICAL - 2023-07-28 12:08:18 --> Invalid file: "IonAuth\Views\Messages\list.php"
in SYSTEMPATH\Exceptions\FrameworkException.php on line 33.
 1 SYSTEMPATH\View\View.php(201): CodeIgniter\Exceptions\FrameworkException::forInvalidFile('IonAuth\\Views\\Messages\\list.php')
 2 SYSTEMPATH\Common.php(1184): CodeIgniter\View\View->render('IonAuth\\Views\\Messages\\list', [], true)
 3 APPPATH\Models\IonAuthModel.php(2243): view('IonAuth\\Views\\Messages\\list', [...])
 4 [internal function]: App\Models\IonAuthModel->messages()
 5 APPPATH\Libraries\IonAuth.php(100): call_user_func_array([...], [])
 6 APPPATH\Controllers\Auth.php(108): App\Libraries\IonAuth->__call('messages', [])
 7 SYSTEMPATH\CodeIgniter.php(934): App\Controllers\Auth->login()
 8 SYSTEMPATH\CodeIgniter.php(499): CodeIgniter\CodeIgniter->runController(Object(App\Controllers\Auth))
 9 SYSTEMPATH\CodeIgniter.php(368): CodeIgniter\CodeIgniter->handleRequest(null, Object(Config\Cache), false)
10 FCPATH\index.php(67): CodeIgniter\CodeIgniter->run()
INFO - 2023-07-28 12:08:19 --> Session: Class initialized using 'CodeIgniter\Session\Handlers\FileHandler' driver.
INFO - 2023-07-28 12:08:20 --> Session: Class initialized using 'CodeIgniter\Session\Handlers\FileHandler' driver.
INFO - 2023-07-28 12:08:29 --> Session: Class initialized using 'CodeIgniter\Session\Handlers\FileHandler' driver.
INFO - 2023-07-28 12:08:30 --> Session: Class initialized using 'CodeIgniter\Session\Handlers\FileHandler' driver.
INFO - 2023-07-28 12:08:34 --> Session: Class initialized using 'CodeIgniter\Session\Handlers\FileHandler' driver.
CRITICAL - 2023-07-28 12:08:34 --> Invalid file: "IonAuth\Views\Messages\list.php"
in SYSTEMPATH\Exceptions\FrameworkException.php on line 33.
 1 SYSTEMPATH\View\View.php(201): CodeIgniter\Exceptions\FrameworkException::forInvalidFile('IonAuth\\Views\\Messages\\list.php')
 2 SYSTEMPATH\Common.php(1184): CodeIgniter\View\View->render('IonAuth\\Views\\Messages\\list', [], true)
 3 APPPATH\Models\IonAuthModel.php(2243): view('IonAuth\\Views\\Messages\\list', [...])
 4 [internal function]: App\Models\IonAuthModel->messages()
 5 APPPATH\Libraries\IonAuth.php(100): call_user_func_array([...], [])
 6 APPPATH\Controllers\Auth.php(108): App\Libraries\IonAuth->__call('messages', [])
 7 SYSTEMPATH\CodeIgniter.php(934): App\Controllers\Auth->login()
 8 SYSTEMPATH\CodeIgniter.php(499): CodeIgniter\CodeIgniter->runController(Object(App\Controllers\Auth))
 9 SYSTEMPATH\CodeIgniter.php(368): CodeIgniter\CodeIgniter->handleRequest(null, Object(Config\Cache), false)
10 FCPATH\index.php(67): CodeIgniter\CodeIgniter->run()
INFO - 2023-07-28 12:10:47 --> Session: Class initialized using 'CodeIgniter\Session\Handlers\FileHandler' driver.
CRITICAL - 2023-07-28 12:10:47 --> Invalid file: "IonAuth\Views\Messages\list.php"
in SYSTEMPATH\Exceptions\FrameworkException.php on line 33.
 1 SYSTEMPATH\View\View.php(201): CodeIgniter\Exceptions\FrameworkException::forInvalidFile('IonAuth\\Views\\Messages\\list.php')
 2 SYSTEMPATH\Common.php(1184): CodeIgniter\View\View->render('IonAuth\\Views\\Messages\\list', [], true)
 3 APPPATH\Models\IonAuthModel.php(2243): view('IonAuth\\Views\\Messages\\list', [...])
 4 [internal function]: App\Models\IonAuthModel->messages()
 5 APPPATH\Libraries\IonAuth.php(100): call_user_func_array([...], [])
 6 APPPATH\Controllers\Auth.php(108): App\Libraries\IonAuth->__call('messages', [])
 7 SYSTEMPATH\CodeIgniter.php(934): App\Controllers\Auth->login()
 8 SYSTEMPATH\CodeIgniter.php(499): CodeIgniter\CodeIgniter->runController(Object(App\Controllers\Auth))
 9 SYSTEMPATH\CodeIgniter.php(368): CodeIgniter\CodeIgniter->handleRequest(null, Object(Config\Cache), false)
10 FCPATH\index.php(67): CodeIgniter\CodeIgniter->run()
INFO - 2023-07-28 12:10:48 --> Session: Class initialized using 'CodeIgniter\Session\Handlers\FileHandler' driver.
CRITICAL - 2023-07-28 12:10:48 --> Undefined variable $message
in APPPATH\Views\Auth\index.php on line 4.
 1 APPPATH\Views\Auth\index.php(4): CodeIgniter\Debug\Exceptions->errorHandler(2, 'Undefined variable $message', 'C:\\xampp\\htdocs\\TesinaTF\\app\\Views\\Auth\\index.php', 4)
 2 SYSTEMPATH\View\View.php(213): include('C:\\xampp\\htdocs\\TesinaTF\\app\\Views\\Auth\\index.php')
 3 SYSTEMPATH\View\View.php(216): CodeIgniter\View\View->CodeIgniter\View\{closure}()
 4 SYSTEMPATH\Common.php(1184): CodeIgniter\View\View->render('Auth/index.php', [], true)
 5 APPPATH\Controllers\Auth.php(135): view('Auth/index.php')
 6 SYSTEMPATH\CodeIgniter.php(934): App\Controllers\Auth->login()
 7 SYSTEMPATH\CodeIgniter.php(499): CodeIgniter\CodeIgniter->runController(Object(App\Controllers\Auth))
 8 SYSTEMPATH\CodeIgniter.php(368): CodeIgniter\CodeIgniter->handleRequest(null, Object(Config\Cache), false)
 9 FCPATH\index.php(67): CodeIgniter\CodeIgniter->run()
INFO - 2023-07-28 12:10:49 --> Session: Class initialized using 'CodeIgniter\Session\Handlers\FileHandler' driver.
CRITICAL - 2023-07-28 12:10:49 --> Undefined variable $message
in APPPATH\Views\Auth\index.php on line 4.
 1 APPPATH\Views\Auth\index.php(4): CodeIgniter\Debug\Exceptions->errorHandler(2, 'Undefined variable $message', 'C:\\xampp\\htdocs\\TesinaTF\\app\\Views\\Auth\\index.php', 4)
 2 SYSTEMPATH\View\View.php(213): include('C:\\xampp\\htdocs\\TesinaTF\\app\\Views\\Auth\\index.php')
 3 SYSTEMPATH\View\View.php(216): CodeIgniter\View\View->CodeIgniter\View\{closure}()
 4 SYSTEMPATH\Common.php(1184): CodeIgniter\View\View->render('Auth/index.php', [], true)
 5 APPPATH\Controllers\Auth.php(135): view('Auth/index.php')
 6 SYSTEMPATH\CodeIgniter.php(934): App\Controllers\Auth->login()
 7 SYSTEMPATH\CodeIgniter.php(499): CodeIgniter\CodeIgniter->runController(Object(App\Controllers\Auth))
 8 SYSTEMPATH\CodeIgniter.php(368): CodeIgniter\CodeIgniter->handleRequest(null, Object(Config\Cache), false)
 9 FCPATH\index.php(67): CodeIgniter\CodeIgniter->run()
INFO - 2023-07-28 12:10:50 --> Session: Class initialized using 'CodeIgniter\Session\Handlers\FileHandler' driver.
CRITICAL - 2023-07-28 12:10:50 --> Undefined variable $message
in APPPATH\Views\Auth\index.php on line 4.
 1 APPPATH\Views\Auth\index.php(4): CodeIgniter\Debug\Exceptions->errorHandler(2, 'Undefined variable $message', 'C:\\xampp\\htdocs\\TesinaTF\\app\\Views\\Auth\\index.php', 4)
 2 SYSTEMPATH\View\View.php(213): include('C:\\xampp\\htdocs\\TesinaTF\\app\\Views\\Auth\\index.php')
 3 SYSTEMPATH\View\View.php(216): CodeIgniter\View\View->CodeIgniter\View\{closure}()
 4 SYSTEMPATH\Common.php(1184): CodeIgniter\View\View->render('Auth/index.php', [], true)
 5 APPPATH\Controllers\Auth.php(135): view('Auth/index.php')
 6 SYSTEMPATH\CodeIgniter.php(934): App\Controllers\Auth->login()
 7 SYSTEMPATH\CodeIgniter.php(499): CodeIgniter\CodeIgniter->runController(Object(App\Controllers\Auth))
 8 SYSTEMPATH\CodeIgniter.php(368): CodeIgniter\CodeIgniter->handleRequest(null, Object(Config\Cache), false)
 9 FCPATH\index.php(67): CodeIgniter\CodeIgniter->run()
INFO - 2023-07-28 12:10:51 --> Session: Class initialized using 'CodeIgniter\Session\Handlers\FileHandler' driver.
CRITICAL - 2023-07-28 12:10:51 --> Undefined variable $message
in APPPATH\Views\Auth\index.php on line 4.
 1 APPPATH\Views\Auth\index.php(4): CodeIgniter\Debug\Exceptions->errorHandler(2, 'Undefined variable $message', 'C:\\xampp\\htdocs\\TesinaTF\\app\\Views\\Auth\\index.php', 4)
 2 SYSTEMPATH\View\View.php(213): include('C:\\xampp\\htdocs\\TesinaTF\\app\\Views\\Auth\\index.php')
 3 SYSTEMPATH\View\View.php(216): CodeIgniter\View\View->CodeIgniter\View\{closure}()
 4 SYSTEMPATH\Common.php(1184): CodeIgniter\View\View->render('Auth/index.php', [], true)
 5 APPPATH\Controllers\Auth.php(135): view('Auth/index.php')
 6 SYSTEMPATH\CodeIgniter.php(934): App\Controllers\Auth->login()
 7 SYSTEMPATH\CodeIgniter.php(499): CodeIgniter\CodeIgniter->runController(Object(App\Controllers\Auth))
 8 SYSTEMPATH\CodeIgniter.php(368): CodeIgniter\CodeIgniter->handleRequest(null, Object(Config\Cache), false)
 9 FCPATH\index.php(67): CodeIgniter\CodeIgniter->run()
INFO - 2023-07-28 12:10:51 --> Session: Class initialized using 'CodeIgniter\Session\Handlers\FileHandler' driver.
CRITICAL - 2023-07-28 12:10:51 --> Undefined variable $message
in APPPATH\Views\Auth\index.php on line 4.
 1 APPPATH\Views\Auth\index.php(4): CodeIgniter\Debug\Exceptions->errorHandler(2, 'Undefined variable $message', 'C:\\xampp\\htdocs\\TesinaTF\\app\\Views\\Auth\\index.php', 4)
 2 SYSTEMPATH\View\View.php(213): include('C:\\xampp\\htdocs\\TesinaTF\\app\\Views\\Auth\\index.php')
 3 SYSTEMPATH\View\View.php(216): CodeIgniter\View\View->CodeIgniter\View\{closure}()
 4 SYSTEMPATH\Common.php(1184): CodeIgniter\View\View->render('Auth/index.php', [], true)
 5 APPPATH\Controllers\Auth.php(135): view('Auth/index.php')
 6 SYSTEMPATH\CodeIgniter.php(934): App\Controllers\Auth->login()
 7 SYSTEMPATH\CodeIgniter.php(499): CodeIgniter\CodeIgniter->runController(Object(App\Controllers\Auth))
 8 SYSTEMPATH\CodeIgniter.php(368): CodeIgniter\CodeIgniter->handleRequest(null, Object(Config\Cache), false)
 9 FCPATH\index.php(67): CodeIgniter\CodeIgniter->run()
INFO - 2023-07-28 12:10:54 --> Session: Class initialized using 'CodeIgniter\Session\Handlers\FileHandler' driver.
CRITICAL - 2023-07-28 12:10:54 --> Undefined variable $message
in APPPATH\Views\Auth\index.php on line 4.
 1 APPPATH\Views\Auth\index.php(4): CodeIgniter\Debug\Exceptions->errorHandler(2, 'Undefined variable $message', 'C:\\xampp\\htdocs\\TesinaTF\\app\\Views\\Auth\\index.php', 4)
 2 SYSTEMPATH\View\View.php(213): include('C:\\xampp\\htdocs\\TesinaTF\\app\\Views\\Auth\\index.php')
 3 SYSTEMPATH\View\View.php(216): CodeIgniter\View\View->CodeIgniter\View\{closure}()
 4 SYSTEMPATH\Common.php(1184): CodeIgniter\View\View->render('Auth/index.php', [], true)
 5 APPPATH\Controllers\Auth.php(135): view('Auth/index.php')
 6 SYSTEMPATH\CodeIgniter.php(934): App\Controllers\Auth->login()
 7 SYSTEMPATH\CodeIgniter.php(499): CodeIgniter\CodeIgniter->runController(Object(App\Controllers\Auth))
 8 SYSTEMPATH\CodeIgniter.php(368): CodeIgniter\CodeIgniter->handleRequest(null, Object(Config\Cache), false)
 9 FCPATH\index.php(67): CodeIgniter\CodeIgniter->run()
INFO - 2023-07-28 12:10:54 --> Session: Class initialized using 'CodeIgniter\Session\Handlers\FileHandler' driver.
CRITICAL - 2023-07-28 12:10:54 --> Undefined variable $message
in APPPATH\Views\Auth\index.php on line 4.
 1 APPPATH\Views\Auth\index.php(4): CodeIgniter\Debug\Exceptions->errorHandler(2, 'Undefined variable $message', 'C:\\xampp\\htdocs\\TesinaTF\\app\\Views\\Auth\\index.php', 4)
 2 SYSTEMPATH\View\View.php(213): include('C:\\xampp\\htdocs\\TesinaTF\\app\\Views\\Auth\\index.php')
 3 SYSTEMPATH\View\View.php(216): CodeIgniter\View\View->CodeIgniter\View\{closure}()
 4 SYSTEMPATH\Common.php(1184): CodeIgniter\View\View->render('Auth/index.php', [], true)
 5 APPPATH\Controllers\Auth.php(135): view('Auth/index.php')
 6 SYSTEMPATH\CodeIgniter.php(934): App\Controllers\Auth->login()
 7 SYSTEMPATH\CodeIgniter.php(499): CodeIgniter\CodeIgniter->runController(Object(App\Controllers\Auth))
 8 SYSTEMPATH\CodeIgniter.php(368): CodeIgniter\CodeIgniter->handleRequest(null, Object(Config\Cache), false)
 9 FCPATH\index.php(67): CodeIgniter\CodeIgniter->run()
INFO - 2023-07-28 12:10:56 --> Session: Class initialized using 'CodeIgniter\Session\Handlers\FileHandler' driver.
CRITICAL - 2023-07-28 12:10:56 --> Undefined variable $message
in APPPATH\Views\Auth\index.php on line 4.
 1 APPPATH\Views\Auth\index.php(4): CodeIgniter\Debug\Exceptions->errorHandler(2, 'Undefined variable $message', 'C:\\xampp\\htdocs\\TesinaTF\\app\\Views\\Auth\\index.php', 4)
 2 SYSTEMPATH\View\View.php(213): include('C:\\xampp\\htdocs\\TesinaTF\\app\\Views\\Auth\\index.php')
 3 SYSTEMPATH\View\View.php(216): CodeIgniter\View\View->CodeIgniter\View\{closure}()
 4 SYSTEMPATH\Common.php(1184): CodeIgniter\View\View->render('Auth/index.php', [], true)
 5 APPPATH\Controllers\Auth.php(135): view('Auth/index.php')
 6 SYSTEMPATH\CodeIgniter.php(934): App\Controllers\Auth->login()
 7 SYSTEMPATH\CodeIgniter.php(499): CodeIgniter\CodeIgniter->runController(Object(App\Controllers\Auth))
 8 SYSTEMPATH\CodeIgniter.php(368): CodeIgniter\CodeIgniter->handleRequest(null, Object(Config\Cache), false)
 9 FCPATH\index.php(67): CodeIgniter\CodeIgniter->run()
INFO - 2023-07-28 12:12:34 --> Session: Class initialized using 'CodeIgniter\Session\Handlers\FileHandler' driver.
CRITICAL - 2023-07-28 12:12:34 --> Undefined variable $message
in APPPATH\Views\Auth\index.php on line 4.
 1 APPPATH\Views\Auth\index.php(4): CodeIgniter\Debug\Exceptions->errorHandler(2, 'Undefined variable $message', 'C:\\xampp\\htdocs\\TesinaTF\\app\\Views\\Auth\\index.php', 4)
 2 SYSTEMPATH\View\View.php(213): include('C:\\xampp\\htdocs\\TesinaTF\\app\\Views\\Auth\\index.php')
 3 SYSTEMPATH\View\View.php(216): CodeIgniter\View\View->CodeIgniter\View\{closure}()
 4 SYSTEMPATH\Common.php(1184): CodeIgniter\View\View->render('Auth/index.php', [], true)
 5 APPPATH\Controllers\Auth.php(135): view('Auth/index.php')
 6 SYSTEMPATH\CodeIgniter.php(934): App\Controllers\Auth->login()
 7 SYSTEMPATH\CodeIgniter.php(499): CodeIgniter\CodeIgniter->runController(Object(App\Controllers\Auth))
 8 SYSTEMPATH\CodeIgniter.php(368): CodeIgniter\CodeIgniter->handleRequest(null, Object(Config\Cache), false)
 9 FCPATH\index.php(67): CodeIgniter\CodeIgniter->run()
INFO - 2023-07-28 12:12:35 --> Session: Class initialized using 'CodeIgniter\Session\Handlers\FileHandler' driver.
CRITICAL - 2023-07-28 12:12:35 --> Undefined variable $message
in APPPATH\Views\Auth\index.php on line 4.
 1 APPPATH\Views\Auth\index.php(4): CodeIgniter\Debug\Exceptions->errorHandler(2, 'Undefined variable $message', 'C:\\xampp\\htdocs\\TesinaTF\\app\\Views\\Auth\\index.php', 4)
 2 SYSTEMPATH\View\View.php(213): include('C:\\xampp\\htdocs\\TesinaTF\\app\\Views\\Auth\\index.php')
 3 SYSTEMPATH\View\View.php(216): CodeIgniter\View\View->CodeIgniter\View\{closure}()
 4 SYSTEMPATH\Common.php(1184): CodeIgniter\View\View->render('Auth/index.php', [], true)
 5 APPPATH\Controllers\Auth.php(135): view('Auth/index.php')
 6 SYSTEMPATH\CodeIgniter.php(934): App\Controllers\Auth->login()
 7 SYSTEMPATH\CodeIgniter.php(499): CodeIgniter\CodeIgniter->runController(Object(App\Controllers\Auth))
 8 SYSTEMPATH\CodeIgniter.php(368): CodeIgniter\CodeIgniter->handleRequest(null, Object(Config\Cache), false)
 9 FCPATH\index.php(67): CodeIgniter\CodeIgniter->run()
INFO - 2023-07-28 12:12:35 --> Session: Class initialized using 'CodeIgniter\Session\Handlers\FileHandler' driver.
CRITICAL - 2023-07-28 12:12:35 --> Undefined variable $message
in APPPATH\Views\Auth\index.php on line 4.
 1 APPPATH\Views\Auth\index.php(4): CodeIgniter\Debug\Exceptions->errorHandler(2, 'Undefined variable $message', 'C:\\xampp\\htdocs\\TesinaTF\\app\\Views\\Auth\\index.php', 4)
 2 SYSTEMPATH\View\View.php(213): include('C:\\xampp\\htdocs\\TesinaTF\\app\\Views\\Auth\\index.php')
 3 SYSTEMPATH\View\View.php(216): CodeIgniter\View\View->CodeIgniter\View\{closure}()
 4 SYSTEMPATH\Common.php(1184): CodeIgniter\View\View->render('Auth/index.php', [], true)
 5 APPPATH\Controllers\Auth.php(135): view('Auth/index.php')
 6 SYSTEMPATH\CodeIgniter.php(934): App\Controllers\Auth->login()
 7 SYSTEMPATH\CodeIgniter.php(499): CodeIgniter\CodeIgniter->runController(Object(App\Controllers\Auth))
 8 SYSTEMPATH\CodeIgniter.php(368): CodeIgniter\CodeIgniter->handleRequest(null, Object(Config\Cache), false)
 9 FCPATH\index.php(67): CodeIgniter\CodeIgniter->run()
INFO - 2023-07-28 12:12:35 --> Session: Class initialized using 'CodeIgniter\Session\Handlers\FileHandler' driver.
CRITICAL - 2023-07-28 12:12:35 --> Undefined variable $message
in APPPATH\Views\Auth\index.php on line 4.
 1 APPPATH\Views\Auth\index.php(4): CodeIgniter\Debug\Exceptions->errorHandler(2, 'Undefined variable $message', 'C:\\xampp\\htdocs\\TesinaTF\\app\\Views\\Auth\\index.php', 4)
 2 SYSTEMPATH\View\View.php(213): include('C:\\xampp\\htdocs\\TesinaTF\\app\\Views\\Auth\\index.php')
 3 SYSTEMPATH\View\View.php(216): CodeIgniter\View\View->CodeIgniter\View\{closure}()
 4 SYSTEMPATH\Common.php(1184): CodeIgniter\View\View->render('Auth/index.php', [], true)
 5 APPPATH\Controllers\Auth.php(135): view('Auth/index.php')
 6 SYSTEMPATH\CodeIgniter.php(934): App\Controllers\Auth->login()
 7 SYSTEMPATH\CodeIgniter.php(499): CodeIgniter\CodeIgniter->runController(Object(App\Controllers\Auth))
 8 SYSTEMPATH\CodeIgniter.php(368): CodeIgniter\CodeIgniter->handleRequest(null, Object(Config\Cache), false)
 9 FCPATH\index.php(67): CodeIgniter\CodeIgniter->run()
INFO - 2023-07-28 12:12:36 --> Session: Class initialized using 'CodeIgniter\Session\Handlers\FileHandler' driver.
CRITICAL - 2023-07-28 12:12:36 --> Undefined variable $message
in APPPATH\Views\Auth\index.php on line 4.
 1 APPPATH\Views\Auth\index.php(4): CodeIgniter\Debug\Exceptions->errorHandler(2, 'Undefined variable $message', 'C:\\xampp\\htdocs\\TesinaTF\\app\\Views\\Auth\\index.php', 4)
 2 SYSTEMPATH\View\View.php(213): include('C:\\xampp\\htdocs\\TesinaTF\\app\\Views\\Auth\\index.php')
 3 SYSTEMPATH\View\View.php(216): CodeIgniter\View\View->CodeIgniter\View\{closure}()
 4 SYSTEMPATH\Common.php(1184): CodeIgniter\View\View->render('Auth/index.php', [], true)
 5 APPPATH\Controllers\Auth.php(135): view('Auth/index.php')
 6 SYSTEMPATH\CodeIgniter.php(934): App\Controllers\Auth->login()
 7 SYSTEMPATH\CodeIgniter.php(499): CodeIgniter\CodeIgniter->runController(Object(App\Controllers\Auth))
 8 SYSTEMPATH\CodeIgniter.php(368): CodeIgniter\CodeIgniter->handleRequest(null, Object(Config\Cache), false)
 9 FCPATH\index.php(67): CodeIgniter\CodeIgniter->run()
INFO - 2023-07-28 12:12:36 --> Session: Class initialized using 'CodeIgniter\Session\Handlers\FileHandler' driver.
CRITICAL - 2023-07-28 12:12:36 --> Undefined variable $message
in APPPATH\Views\Auth\index.php on line 4.
 1 APPPATH\Views\Auth\index.php(4): CodeIgniter\Debug\Exceptions->errorHandler(2, 'Undefined variable $message', 'C:\\xampp\\htdocs\\TesinaTF\\app\\Views\\Auth\\index.php', 4)
 2 SYSTEMPATH\View\View.php(213): include('C:\\xampp\\htdocs\\TesinaTF\\app\\Views\\Auth\\index.php')
 3 SYSTEMPATH\View\View.php(216): CodeIgniter\View\View->CodeIgniter\View\{closure}()
 4 SYSTEMPATH\Common.php(1184): CodeIgniter\View\View->render('Auth/index.php', [], true)
 5 APPPATH\Controllers\Auth.php(135): view('Auth/index.php')
 6 SYSTEMPATH\CodeIgniter.php(934): App\Controllers\Auth->login()
 7 SYSTEMPATH\CodeIgniter.php(499): CodeIgniter\CodeIgniter->runController(Object(App\Controllers\Auth))
 8 SYSTEMPATH\CodeIgniter.php(368): CodeIgniter\CodeIgniter->handleRequest(null, Object(Config\Cache), false)
 9 FCPATH\index.php(67): CodeIgniter\CodeIgniter->run()
INFO - 2023-07-28 12:12:36 --> Session: Class initialized using 'CodeIgniter\Session\Handlers\FileHandler' driver.
CRITICAL - 2023-07-28 12:12:36 --> Undefined variable $message
in APPPATH\Views\Auth\index.php on line 4.
 1 APPPATH\Views\Auth\index.php(4): CodeIgniter\Debug\Exceptions->errorHandler(2, 'Undefined variable $message', 'C:\\xampp\\htdocs\\TesinaTF\\app\\Views\\Auth\\index.php', 4)
 2 SYSTEMPATH\View\View.php(213): include('C:\\xampp\\htdocs\\TesinaTF\\app\\Views\\Auth\\index.php')
 3 SYSTEMPATH\View\View.php(216): CodeIgniter\View\View->CodeIgniter\View\{closure}()
 4 SYSTEMPATH\Common.php(1184): CodeIgniter\View\View->render('Auth/index.php', [], true)
 5 APPPATH\Controllers\Auth.php(135): view('Auth/index.php')
 6 SYSTEMPATH\CodeIgniter.php(934): App\Controllers\Auth->login()
 7 SYSTEMPATH\CodeIgniter.php(499): CodeIgniter\CodeIgniter->runController(Object(App\Controllers\Auth))
 8 SYSTEMPATH\CodeIgniter.php(368): CodeIgniter\CodeIgniter->handleRequest(null, Object(Config\Cache), false)
 9 FCPATH\index.php(67): CodeIgniter\CodeIgniter->run()
INFO - 2023-07-28 12:12:36 --> Session: Class initialized using 'CodeIgniter\Session\Handlers\FileHandler' driver.
CRITICAL - 2023-07-28 12:12:36 --> Undefined variable $message
in APPPATH\Views\Auth\index.php on line 4.
 1 APPPATH\Views\Auth\index.php(4): CodeIgniter\Debug\Exceptions->errorHandler(2, 'Undefined variable $message', 'C:\\xampp\\htdocs\\TesinaTF\\app\\Views\\Auth\\index.php', 4)
 2 SYSTEMPATH\View\View.php(213): include('C:\\xampp\\htdocs\\TesinaTF\\app\\Views\\Auth\\index.php')
 3 SYSTEMPATH\View\View.php(216): CodeIgniter\View\View->CodeIgniter\View\{closure}()
 4 SYSTEMPATH\Common.php(1184): CodeIgniter\View\View->render('Auth/index.php', [], true)
 5 APPPATH\Controllers\Auth.php(135): view('Auth/index.php')
 6 SYSTEMPATH\CodeIgniter.php(934): App\Controllers\Auth->login()
 7 SYSTEMPATH\CodeIgniter.php(499): CodeIgniter\CodeIgniter->runController(Object(App\Controllers\Auth))
 8 SYSTEMPATH\CodeIgniter.php(368): CodeIgniter\CodeIgniter->handleRequest(null, Object(Config\Cache), false)
 9 FCPATH\index.php(67): CodeIgniter\CodeIgniter->run()
INFO - 2023-07-28 12:12:36 --> Session: Class initialized using 'CodeIgniter\Session\Handlers\FileHandler' driver.
CRITICAL - 2023-07-28 12:12:36 --> Undefined variable $message
in APPPATH\Views\Auth\index.php on line 4.
 1 APPPATH\Views\Auth\index.php(4): CodeIgniter\Debug\Exceptions->errorHandler(2, 'Undefined variable $message', 'C:\\xampp\\htdocs\\TesinaTF\\app\\Views\\Auth\\index.php', 4)
 2 SYSTEMPATH\View\View.php(213): include('C:\\xampp\\htdocs\\TesinaTF\\app\\Views\\Auth\\index.php')
 3 SYSTEMPATH\View\View.php(216): CodeIgniter\View\View->CodeIgniter\View\{closure}()
 4 SYSTEMPATH\Common.php(1184): CodeIgniter\View\View->render('Auth/index.php', [], true)
 5 APPPATH\Controllers\Auth.php(135): view('Auth/index.php')
 6 SYSTEMPATH\CodeIgniter.php(934): App\Controllers\Auth->login()
 7 SYSTEMPATH\CodeIgniter.php(499): CodeIgniter\CodeIgniter->runController(Object(App\Controllers\Auth))
 8 SYSTEMPATH\CodeIgniter.php(368): CodeIgniter\CodeIgniter->handleRequest(null, Object(Config\Cache), false)
 9 FCPATH\index.php(67): CodeIgniter\CodeIgniter->run()
INFO - 2023-07-28 12:13:03 --> Session: Class initialized using 'CodeIgniter\Session\Handlers\FileHandler' driver.
CRITICAL - 2023-07-28 12:13:03 --> Undefined variable $users
in APPPATH\Views\Auth\index.php on line 15.
 1 APPPATH\Views\Auth\index.php(15): CodeIgniter\Debug\Exceptions->errorHandler(2, 'Undefined variable $users', 'C:\\xampp\\htdocs\\TesinaTF\\app\\Views\\Auth\\index.php', 15)
 2 SYSTEMPATH\View\View.php(213): include('C:\\xampp\\htdocs\\TesinaTF\\app\\Views\\Auth\\index.php')
 3 SYSTEMPATH\View\View.php(216): CodeIgniter\View\View->CodeIgniter\View\{closure}()
 4 SYSTEMPATH\Common.php(1184): CodeIgniter\View\View->render('Auth/index.php', [], true)
 5 APPPATH\Controllers\Auth.php(135): view('Auth/index.php', [...])
 6 SYSTEMPATH\CodeIgniter.php(934): App\Controllers\Auth->login()
 7 SYSTEMPATH\CodeIgniter.php(499): CodeIgniter\CodeIgniter->runController(Object(App\Controllers\Auth))
 8 SYSTEMPATH\CodeIgniter.php(368): CodeIgniter\CodeIgniter->handleRequest(null, Object(Config\Cache), false)
 9 FCPATH\index.php(67): CodeIgniter\CodeIgniter->run()
INFO - 2023-07-28 12:14:12 --> Session: Class initialized using 'CodeIgniter\Session\Handlers\FileHandler' driver.
CRITICAL - 2023-07-28 12:14:12 --> Invalid file: "views\Auth\login.php"
in SYSTEMPATH\Exceptions\FrameworkException.php on line 33.
 1 SYSTEMPATH\View\View.php(201): CodeIgniter\Exceptions\FrameworkException::forInvalidFile('views\\Auth\\login.php')
 2 SYSTEMPATH\Common.php(1184): CodeIgniter\View\View->render('views\\Auth\\login', [], true)
 3 APPPATH\Controllers\Auth.php(803): view('views\\Auth\\login', [...])
 4 APPPATH\Controllers\Auth.php(135): App\Controllers\Auth->renderPage('views\\Auth\\login', [...])
 5 SYSTEMPATH\CodeIgniter.php(934): App\Controllers\Auth->login()
 6 SYSTEMPATH\CodeIgniter.php(499): CodeIgniter\CodeIgniter->runController(Object(App\Controllers\Auth))
 7 SYSTEMPATH\CodeIgniter.php(368): CodeIgniter\CodeIgniter->handleRequest(null, Object(Config\Cache), false)
 8 FCPATH\index.php(67): CodeIgniter\CodeIgniter->run()
INFO - 2023-07-28 12:14:28 --> Session: Class initialized using 'CodeIgniter\Session\Handlers\FileHandler' driver.
CRITICAL - 2023-07-28 12:14:28 --> Invalid file: "Views\Auth\login.php"
in SYSTEMPATH\Exceptions\FrameworkException.php on line 33.
 1 SYSTEMPATH\View\View.php(201): CodeIgniter\Exceptions\FrameworkException::forInvalidFile('Views\\Auth\\login.php')
 2 SYSTEMPATH\Common.php(1184): CodeIgniter\View\View->render('Views\\Auth\\login', [], true)
 3 APPPATH\Controllers\Auth.php(803): view('Views\\Auth\\login', [...])
 4 APPPATH\Controllers\Auth.php(135): App\Controllers\Auth->renderPage('Views\\Auth\\login', [...])
 5 SYSTEMPATH\CodeIgniter.php(934): App\Controllers\Auth->login()
 6 SYSTEMPATH\CodeIgniter.php(499): CodeIgniter\CodeIgniter->runController(Object(App\Controllers\Auth))
 7 SYSTEMPATH\CodeIgniter.php(368): CodeIgniter\CodeIgniter->handleRequest(null, Object(Config\Cache), false)
 8 FCPATH\index.php(67): CodeIgniter\CodeIgniter->run()
INFO - 2023-07-28 12:14:39 --> Session: Class initialized using 'CodeIgniter\Session\Handlers\FileHandler' driver.
INFO - 2023-07-28 12:14:50 --> Session: Class initialized using 'CodeIgniter\Session\Handlers\FileHandler' driver.
CRITICAL - 2023-07-28 12:14:51 --> Invalid file: "IonAuth\Views\Messages\list.php"
in SYSTEMPATH\Exceptions\FrameworkException.php on line 33.
 1 SYSTEMPATH\View\View.php(201): CodeIgniter\Exceptions\FrameworkException::forInvalidFile('IonAuth\\Views\\Messages\\list.php')
 2 SYSTEMPATH\Common.php(1184): CodeIgniter\View\View->render('IonAuth\\Views\\Messages\\list', [], true)
 3 APPPATH\Models\IonAuthModel.php(2243): view('IonAuth\\Views\\Messages\\list', [...])
 4 [internal function]: App\Models\IonAuthModel->messages()
 5 APPPATH\Libraries\IonAuth.php(100): call_user_func_array([...], [])
 6 APPPATH\Controllers\Auth.php(108): App\Libraries\IonAuth->__call('messages', [])
 7 SYSTEMPATH\CodeIgniter.php(934): App\Controllers\Auth->login()
 8 SYSTEMPATH\CodeIgniter.php(499): CodeIgniter\CodeIgniter->runController(Object(App\Controllers\Auth))
 9 SYSTEMPATH\CodeIgniter.php(368): CodeIgniter\CodeIgniter->handleRequest(null, Object(Config\Cache), false)
10 FCPATH\index.php(67): CodeIgniter\CodeIgniter->run()
INFO - 2023-07-28 12:16:31 --> Session: Class initialized using 'CodeIgniter\Session\Handlers\FileHandler' driver.
CRITICAL - 2023-07-28 12:16:31 --> Invalid file: "IonAuth\Views\Messages\list.php"
in SYSTEMPATH\Exceptions\FrameworkException.php on line 33.
 1 SYSTEMPATH\View\View.php(201): CodeIgniter\Exceptions\FrameworkException::forInvalidFile('IonAuth\\Views\\Messages\\list.php')
 2 SYSTEMPATH\Common.php(1184): CodeIgniter\View\View->render('IonAuth\\Views\\Messages\\list', [], true)
 3 APPPATH\Models\IonAuthModel.php(2243): view('IonAuth\\Views\\Messages\\list', [...])
 4 [internal function]: App\Models\IonAuthModel->messages()
 5 APPPATH\Libraries\IonAuth.php(100): call_user_func_array([...], [])
 6 APPPATH\Controllers\Auth.php(108): App\Libraries\IonAuth->__call('messages', [])
 7 SYSTEMPATH\CodeIgniter.php(934): App\Controllers\Auth->login()
 8 SYSTEMPATH\CodeIgniter.php(499): CodeIgniter\CodeIgniter->runController(Object(App\Controllers\Auth))
 9 SYSTEMPATH\CodeIgniter.php(368): CodeIgniter\CodeIgniter->handleRequest(null, Object(Config\Cache), false)
10 FCPATH\index.php(67): CodeIgniter\CodeIgniter->run()
INFO - 2023-07-28 12:16:33 --> Session: Class initialized using 'CodeIgniter\Session\Handlers\FileHandler' driver.
CRITICAL - 2023-07-28 12:16:33 --> Invalid file: "IonAuth\Views\Messages\list.php"
in SYSTEMPATH\Exceptions\FrameworkException.php on line 33.
 1 SYSTEMPATH\View\View.php(201): CodeIgniter\Exceptions\FrameworkException::forInvalidFile('IonAuth\\Views\\Messages\\list.php')
 2 SYSTEMPATH\Common.php(1184): CodeIgniter\View\View->render('IonAuth\\Views\\Messages\\list', [], true)
 3 APPPATH\Models\IonAuthModel.php(2243): view('IonAuth\\Views\\Messages\\list', [...])
 4 [internal function]: App\Models\IonAuthModel->messages()
 5 APPPATH\Libraries\IonAuth.php(100): call_user_func_array([...], [])
 6 APPPATH\Controllers\Auth.php(108): App\Libraries\IonAuth->__call('messages', [])
 7 SYSTEMPATH\CodeIgniter.php(934): App\Controllers\Auth->login()
 8 SYSTEMPATH\CodeIgniter.php(499): CodeIgniter\CodeIgniter->runController(Object(App\Controllers\Auth))
 9 SYSTEMPATH\CodeIgniter.php(368): CodeIgniter\CodeIgniter->handleRequest(null, Object(Config\Cache), false)
10 FCPATH\index.php(67): CodeIgniter\CodeIgniter->run()
INFO - 2023-07-28 12:16:37 --> Session: Class initialized using 'CodeIgniter\Session\Handlers\FileHandler' driver.
INFO - 2023-07-28 12:17:07 --> Session: Class initialized using 'CodeIgniter\Session\Handlers\FileHandler' driver.
INFO - 2023-07-28 12:17:50 --> Session: Class initialized using 'CodeIgniter\Session\Handlers\FileHandler' driver.
CRITICAL - 2023-07-28 12:17:50 --> Invalid file: "IonAuth\Views\Messages\list.php"
in SYSTEMPATH\Exceptions\FrameworkException.php on line 33.
 1 SYSTEMPATH\View\View.php(201): CodeIgniter\Exceptions\FrameworkException::forInvalidFile('IonAuth\\Views\\Messages\\list.php')
 2 SYSTEMPATH\Common.php(1184): CodeIgniter\View\View->render('IonAuth\\Views\\Messages\\list', [], true)
 3 APPPATH\Models\IonAuthModel.php(2243): view('IonAuth\\Views\\Messages\\list', [...])
 4 [internal function]: App\Models\IonAuthModel->messages()
 5 APPPATH\Libraries\IonAuth.php(100): call_user_func_array([...], [])
 6 APPPATH\Controllers\Auth.php(483): App\Libraries\IonAuth->__call('messages', [])
 7 SYSTEMPATH\CodeIgniter.php(934): App\Controllers\Auth->create_user()
 8 SYSTEMPATH\CodeIgniter.php(499): CodeIgniter\CodeIgniter->runController(Object(App\Controllers\Auth))
 9 SYSTEMPATH\CodeIgniter.php(368): CodeIgniter\CodeIgniter->handleRequest(null, Object(Config\Cache), false)
10 FCPATH\index.php(67): CodeIgniter\CodeIgniter->run()
INFO - 2023-07-28 12:21:55 --> Session: Class initialized using 'CodeIgniter\Session\Handlers\FileHandler' driver.
INFO - 2023-07-28 12:22:23 --> Session: Class initialized using 'CodeIgniter\Session\Handlers\FileHandler' driver.
INFO - 2023-07-28 12:22:35 --> Session: Class initialized using 'CodeIgniter\Session\Handlers\FileHandler' driver.
INFO - 2023-07-28 12:22:41 --> Session: Class initialized using 'CodeIgniter\Session\Handlers\FileHandler' driver.
CRITICAL - 2023-07-28 12:22:41 --> Invalid file: "IonAuth\Views\Messages\list.php"
in SYSTEMPATH\Exceptions\FrameworkException.php on line 33.
 1 SYSTEMPATH\View\View.php(201): CodeIgniter\Exceptions\FrameworkException::forInvalidFile('IonAuth\\Views\\Messages\\list.php')
 2 SYSTEMPATH\Common.php(1184): CodeIgniter\View\View->render('IonAuth\\Views\\Messages\\list', [], true)
 3 APPPATH\Models\IonAuthModel.php(2243): view('IonAuth\\Views\\Messages\\list', [...])
 4 [internal function]: App\Models\IonAuthModel->messages()
 5 APPPATH\Libraries\IonAuth.php(100): call_user_func_array([...], [])
 6 APPPATH\Controllers\Auth.php(483): App\Libraries\IonAuth->__call('messages', [])
 7 SYSTEMPATH\CodeIgniter.php(934): App\Controllers\Auth->create_user()
 8 SYSTEMPATH\CodeIgniter.php(499): CodeIgniter\CodeIgniter->runController(Object(App\Controllers\Auth))
 9 SYSTEMPATH\CodeIgniter.php(368): CodeIgniter\CodeIgniter->handleRequest(null, Object(Config\Cache), false)
10 FCPATH\index.php(67): CodeIgniter\CodeIgniter->run()
INFO - 2023-07-28 12:59:02 --> Session: Class initialized using 'CodeIgniter\Session\Handlers\FileHandler' driver.
INFO - 2023-07-28 12:59:08 --> Session: Class initialized using 'CodeIgniter\Session\Handlers\FileHandler' driver.
CRITICAL - 2023-07-28 12:59:08 --> Invalid file: "IonAuth\Views\Messages\list.php"
in SYSTEMPATH\Exceptions\FrameworkException.php on line 33.
 1 SYSTEMPATH\View\View.php(201): CodeIgniter\Exceptions\FrameworkException::forInvalidFile('IonAuth\\Views\\Messages\\list.php')
 2 SYSTEMPATH\Common.php(1184): CodeIgniter\View\View->render('IonAuth\\Views\\Messages\\list', [], true)
 3 APPPATH\Models\IonAuthModel.php(2243): view('IonAuth\\Views\\Messages\\list', [...])
 4 [internal function]: App\Models\IonAuthModel->messages()
 5 APPPATH\Libraries\IonAuth.php(100): call_user_func_array([...], [])
 6 APPPATH\Controllers\Auth.php(108): App\Libraries\IonAuth->__call('messages', [])
 7 SYSTEMPATH\CodeIgniter.php(934): App\Controllers\Auth->login()
 8 SYSTEMPATH\CodeIgniter.php(499): CodeIgniter\CodeIgniter->runController(Object(App\Controllers\Auth))
 9 SYSTEMPATH\CodeIgniter.php(368): CodeIgniter\CodeIgniter->handleRequest(null, Object(Config\Cache), false)
10 FCPATH\index.php(67): CodeIgniter\CodeIgniter->run()
